[33m[WARN] [1764920168.556571695]: The root link base_link has an inertia specified in the URDF, but KDL does not support a root link with an inertia.  As a workaround, you can add an extra dummy link to your URDF.[0m
Traceback (most recent call last):
  File "/opt/ros/noetic/lib/rqt_reconfigure/rqt_reconfigure", line 5, in <module>
    from rqt_reconfigure.__main__ import main
  File "/opt/ros/noetic/lib/python3/dist-packages/rqt_reconfigure/__main__.py", line 36, in <module>
    from rqt_reconfigure.param_plugin import ParamPlugin
  File "/opt/ros/noetic/lib/python3/dist-packages/rqt_reconfigure/param_plugin.py", line 35, in <module>
    from rqt_gui_py.plugin import Plugin
  File "/opt/ros/noetic/lib/python3/dist-packages/rqt_gui_py/plugin.py", line 33, in <module>
    from qt_gui.plugin import Plugin as Base
  File "/opt/ros/noetic/lib/python3/dist-packages/qt_gui/plugin.py", line 31, in <module>
    from python_qt_binding.QtCore import QObject
  File "/opt/ros/noetic/lib/python3/dist-packages/python_qt_binding/__init__.py", line 55, in <module>
    from .binding_helper import loadUi, QT_BINDING, QT_BINDING_MODULES, QT_BINDING_VERSION  # @UnusedImport
    ^^^^^^^^^^^^^^^^^^^^^^^^^^^^^^^^^^^^^^^^^^^^^^^^^^^^^^^^^^^^^^^^^^^^^^^^^^^^^^^^^^^^^^
  File "/opt/ros/noetic/lib/python3/dist-packages/python_qt_binding/binding_helper.py", line 274, in <module>
    _select_qt_binding(
    ~~~~~~~~~~~~~~~~~~^
        getattr(sys, 'SELECT_QT_BINDING', None),
        ^^^^^^^^^^^^^^^^^^^^^^^^^^^^^^^^^^^^^^^^
        getattr(sys, 'SELECT_QT_BINDING_ORDER', None),
        ^^^^^^^^^^^^^^^^^^^^^^^^^^^^^^^^^^^^^^^^^^^^^^
    )
    ^
  File "/opt/ros/noetic/lib/python3/dist-packages/python_qt_binding/binding_helper.py", line 118, in _select_qt_binding
    raise ImportError(
        "Could not find Qt binding (looked for: %s):\n%s" %
        (', '.join(["'%s'" % b for b in binding_order]), '\n'.join(error_msgs)))
ImportError: Could not find Qt binding (looked for: 'pyqt', 'pyside'):
  ImportError for 'pyqt': No module named 'PyQt5'
Traceback (most recent call last):
  File "/opt/ros/noetic/lib/python3/dist-packages/python_qt_binding/binding_helper.py", line 108, in _select_qt_binding
    QT_BINDING_VERSION = binding_loader(required_modules, optional_modules)
  File "/opt/ros/noetic/lib/python3/dist-packages/python_qt_binding/binding_helper.py", line 153, in _load_pyqt
    _named_import('PyQt5.%s' % module_name)
    ~~~~~~~~~~~~~^^^^^^^^^^^^^^^^^^^^^^^^^^
  File "/opt/ros/noetic/lib/python3/dist-packages/python_qt_binding/binding_helper.py", line 133, in _named_import
    module = builtins.__import__(name)
ModuleNotFoundError: No module named 'PyQt5'

  ImportError for 'pyside': No module named 'PySide2'
Traceback (most recent call last):
  File "/opt/ros/noetic/lib/python3/dist-packages/python_qt_binding/binding_helper.py", line 108, in _select_qt_binding
    QT_BINDING_VERSION = binding_loader(required_modules, optional_modules)
  File "/opt/ros/noetic/lib/python3/dist-packages/python_qt_binding/binding_helper.py", line 185, in _load_pyside
    _named_import('PySide2.%s' % module_name)
    ~~~~~~~~~~~~~^^^^^^^^^^^^^^^^^^^^^^^^^^^^
  File "/opt/ros/noetic/lib/python3/dist-packages/python_qt_binding/binding_helper.py", line 133, in _named_import
    module = builtins.__import__(name)
ModuleNotFoundError: No module named 'PySide2'

Traceback (most recent call last):
  File "/opt/ros/noetic/lib/rqt_gui/rqt_gui", line 13, in <module>
    sys.exit(main.main())
             ~~~~~~~~~^^
  File "/opt/ros/noetic/lib/python3/dist-packages/rqt_gui/main.py", line 62, in main
    Main, self).main(argv, standalone=standalone,
                ~~~~^^^^^^^^^^^^^^^^^^^^^^^^^^^^^
                     plugin_argument_provider=plugin_argument_provider,
                     ^^^^^^^^^^^^^^^^^^^^^^^^^^^^^^^^^^^^^^^^^^^^^^^^^^
                     plugin_manager_settings_prefix=str(
                     ^^^^^^^^^^^^^^^^^^^^^^^^^^^^^^^^^^^
                        hash(os.environ['ROS_PACKAGE_PATH'])))
                        ^^^^^^^^^^^^^^^^^^^^^^^^^^^^^^^^^^^^^^
  File "/opt/ros/noetic/lib/python3/dist-packages/qt_gui/main.py", line 406, in main
    from python_qt_binding import QT_BINDING
  File "/opt/ros/noetic/lib/python3/dist-packages/python_qt_binding/__init__.py", line 55, in <module>
    from .binding_helper import loadUi, QT_BINDING, QT_BINDING_MODULES, QT_BINDING_VERSION  # @UnusedImport
    ^^^^^^^^^^^^^^^^^^^^^^^^^^^^^^^^^^^^^^^^^^^^^^^^^^^^^^^^^^^^^^^^^^^^^^^^^^^^^^^^^^^^^^
  File "/opt/ros/noetic/lib/python3/dist-packages/python_qt_binding/binding_helper.py", line 274, in <module>
    _select_qt_binding(
    ~~~~~~~~~~~~~~~~~~^
        getattr(sys, 'SELECT_QT_BINDING', None),
        ^^^^^^^^^^^^^^^^^^^^^^^^^^^^^^^^^^^^^^^^
        getattr(sys, 'SELECT_QT_BINDING_ORDER', None),
        ^^^^^^^^^^^^^^^^^^^^^^^^^^^^^^^^^^^^^^^^^^^^^^
    )
    ^
  File "/opt/ros/noetic/lib/python3/dist-packages/python_qt_binding/binding_helper.py", line 118, in _select_qt_binding
    raise ImportError(
        "Could not find Qt binding (looked for: %s):\n%s" %
        (', '.join(["'%s'" % b for b in binding_order]), '\n'.join(error_msgs)))
ImportError: Could not find Qt binding (looked for: 'pyqt', 'pyside'):
  ImportError for 'pyqt': No module named 'PyQt5'
Traceback (most recent call last):
  File "/opt/ros/noetic/lib/python3/dist-packages/python_qt_binding/binding_helper.py", line 108, in _select_qt_binding
    QT_BINDING_VERSION = binding_loader(required_modules, optional_modules)
  File "/opt/ros/noetic/lib/python3/dist-packages/python_qt_binding/binding_helper.py", line 153, in _load_pyqt
    _named_import('PyQt5.%s' % module_name)
    ~~~~~~~~~~~~~^^^^^^^^^^^^^^^^^^^^^^^^^^
  File "/opt/ros/noetic/lib/python3/dist-packages/python_qt_binding/binding_helper.py", line 133, in _named_import
    module = builtins.__import__(name)
ModuleNotFoundError: No module named 'PyQt5'

  ImportError for 'pyside': No module named 'PySide2'
Traceback (most recent call last):
  File "/opt/ros/noetic/lib/python3/dist-packages/python_qt_binding/binding_helper.py", line 108, in _select_qt_binding
    QT_BINDING_VERSION = binding_loader(required_modules, optional_modules)
  File "/opt/ros/noetic/lib/python3/dist-packages/python_qt_binding/binding_helper.py", line 185, in _load_pyside
    _named_import('PySide2.%s' % module_name)
    ~~~~~~~~~~~~~^^^^^^^^^^^^^^^^^^^^^^^^^^^^
  File "/opt/ros/noetic/lib/python3/dist-packages/python_qt_binding/binding_helper.py", line 133, in _named_import
    module = builtins.__import__(name)
ModuleNotFoundError: No module named 'PySide2'

Gazebo multi-robot simulator, version 11.15.1
Copyright (C) 2012 Open Source Robotics Foundation.
Released under the Apache 2 License.
http://gazebosim.org

[1;33m
#     # ####### ####### ###  #####  #######
##    # #     #    #     #  #     # #
# #   # #     #    #     #  #       #
#  #  # #     #    #     #  #       #####
#   # # #     #    #     #  #       #
#    ## #     #    #     #  #     # #
#     # #######    #    ###  #####  #######

This version of Gazebo, now called Gazebo classic, reaches end-of-life
in January 2025. Users are highly encouraged to migrate to the new Gazebo
using our migration guides (https://gazebosim.org/docs/latest/gazebo_classic_migration/)


[0m[1;33m[Wrn] [GuiIface.cc:194] [0m[1;33mg/gui-plugin is really loading a SystemPlugin. [0m[1;33mTo load a GUI plugin please use --gui-client-plugin 
[0m/opt/ros/noetic/lib/python3/dist-packages/actionlib/goal_id_generator.py:46: SyntaxWarning: invalid escape sequence '\p'
  * \param name Unique name to prepend to the goal id. This will
/opt/ros/noetic/lib/python3/dist-packages/actionlib/goal_id_generator.py:56: SyntaxWarning: invalid escape sequence '\p'
  * \param name Set the name to prepend to the goal id. This will
Gazebo multi-robot simulator, version 11.15.1
Copyright (C) 2012 Open Source Robotics Foundation.
Released under the Apache 2 License.
http://gazebosim.org

[1;33m
#     # ####### ####### ###  #####  #######
##    # #     #    #     #  #     # #
# #   # #     #    #     #  #       #
#  #  # #     #    #     #  #       #####
#   # # #     #    #     #  #       #
#    ## #     #    #     #  #     # #
#     # #######    #    ###  #####  #######

This version of Gazebo, now called Gazebo classic, reaches end-of-life
in January 2025. Users are highly encouraged to migrate to the new Gazebo
using our migration guides (https://gazebosim.org/docs/latest/gazebo_classic_migration/)


[0m/opt/ros/noetic/lib/python3/dist-packages/tf/transformations.py:59: SyntaxWarning: invalid escape sequence '\*'
  numpy.dot(M, v) for shape (4, \*) "point of arrays", respectively
/opt/ros/noetic/lib/python3/dist-packages/tf/transformations.py:869: SyntaxWarning: invalid escape sequence '\*'
  v0 and v1 are shape (3, \*) or (4, \*) arrays of at least 3 vectors.
[INFO] [1764920169.671686, 0.000000]: Loading model XML from ros parameter robot_description
[INFO] [1764920169.677068, 0.000000]: Waiting for service /gazebo/spawn_urdf_model
[INFO] [1764920170.884719, 0.089000]: Calling service /gazebo/spawn_urdf_model
[INFO] [1764920171.035786, 0.157000]: Spawn status: SpawnModel: Successfully spawned entity
[INFO] [1764920171.037050, 0.157000]: Unpausing physics
[33m[WARN] [1764920171.182092341, 0.157000000]: No imu specified[0m
[0m[INFO] [1764920169.638000192]: Finished loading Gazebo ROS API Plugin.[0m
[0m[INFO] [1764920169.639926924]: waitForService: Service [/gazebo/set_physics_properties] has not been advertised, waiting...[0m
[1;32m[Msg] [0m[1;32mWaiting for master.[0m[1;32m
[0m[1;32m[0m[1;32m[Msg] [0m[1;32mConnected to gazebo master @ [0m[1;32mhttp://127.0.0.1:11345[0m[1;32m
[0m[1;32m[0m[1;32m[Msg] [0m[1;32mPublicized address: [0m[1;32m192.168.5.77[0m[1;32m
[0m[1;32m[0m[1;32m[Msg] [0m[1;32mLoading world file [[0m[1;32m/home/idris/final_ws/src/rm_control/rm_gazebo/worlds/empty.world[0m[1;32m][0m[1;32m
[0m[1;32m[0m[0m[INFO] [1764920170.776484869]: waitForService: Service [/gazebo/set_physics_properties] is now available.[0m
[0m[INFO] [1764920170.802542612, 0.010000000]: Physics dynamic reconfigure ready.[0m
[0m[INFO] [1764920171.071816979, 0.157000000]: Loading gazebo_ros_control plugin[0m
[0m[INFO] [1764920171.071938220, 0.157000000]: Starting gazebo_ros_control plugin in namespace: /[0m
[0m[INFO] [1764920171.073052355, 0.157000000]: gazebo_ros_control plugin is waiting for model URDF in parameter [robot_description] on the ROS param server.[0m
[0m[INFO] [1764920171.188230217, 0.157000000]: Loaded gazebo_ros_control.[0m
[0m[INFO] [1764920171.232620940, 0.201000000]: OdomUpdater initialized[0m
[0m[INFO] [1764920171.244505411, 0.213000000]: WheelPidController: Init pivot PID 'pivot_fl' p=1.300 i=0.020 d=0.250 i_clamp=0.300[0m
[0m[INFO] [1764920171.247693559, 0.216000000]: WheelPidController: Init pivot PID 'pivot_fr' p=1.300 i=0.020 d=0.250 i_clamp=0.300[0m
[0m[INFO] [1764920171.250823076, 0.219000000]: WheelPidController: Init pivot PID 'pivot_rl' p=1.300 i=0.020 d=0.250 i_clamp=0.300[0m
[0m[INFO] [1764920171.254279044, 0.223000000]: WheelPidController: Init pivot PID 'pivot_rr' p=1.300 i=0.020 d=0.250 i_clamp=0.300[0m
[0m[INFO] [1764920171.257010317, 0.225000000]: WheelPidController: Init wheel PID 'wheel_fl' p=0.700 i=0.050 d=0.200 i_clamp=0.200[0m
[0m[INFO] [1764920171.260889172, 0.229000000]: WheelPidController: Init wheel PID 'wheel_fr' p=0.700 i=0.050 d=0.200 i_clamp=0.200[0m
[0m[INFO] [1764920171.262976255, 0.231000000]: WheelPidController: Init wheel PID 'wheel_rl' p=0.700 i=0.050 d=0.200 i_clamp=0.200[0m
[0m[INFO] [1764920171.266523244, 0.235000000]: WheelPidController: Init wheel PID 'wheel_rr' p=0.700 i=0.050 d=0.200 i_clamp=0.200[0m
[0m[INFO] [1764920171.326540449, 0.295000000]: WheelPidController: dynamic_reconfigure updated PID gains and LPF tau [0.020, 0.020, 0.020, 0.020][0m
[0m[INFO] [1764920171.353239665, 0.321000000]: PID debug publishers initialized under /pivot_debug/*[0m
[0m[INFO] [1764920171.356448613, 0.324000000]: GeoLock initialized: enabled=true, idle_timeout=0.50s, wheel_brake=true[0m
[0m[INFO] [1764920171.356503352, 0.324000000]: GeoLock angles: FL=135.00?? FR=45.00?? RL=-135.00?? RR=-45.00??[0m
[0m[INFO] [1764920171.361175789, 0.329000000]: Pivot sync: enabled, threshold=0.150 rad (8.6??), scale_min=0.10[0m
[0m[INFO] [1764920171.365033691, 0.333000000]: WheelPidController initialized (enhanced state feedback)[0m
[0m[INFO] [1764920171.365066846, 0.333000000]: Velocity mode: local (local=base_link, global=odom), TF publish: enabled[0m
[0m[INFO] [1764920172.034310371, 1.001000000]: Joint state: LF pos=0.0522218 v=-0.0221177 RF pos=-0.356229 v=0.0140653 LB pos=0.0610491 v=0.0213594 RB pos=-0.1199 v=0.00467867[0m
[0m[INFO] [1764920173.199261894, 2.002000000]: Joint state: LF pos=0.0458731 v=-0.0151358 RF pos=-0.362748 v=-0.00415696 LB pos=0.0634714 v=0.0201142 RB pos=-0.11804 v=0.00545331[0m
[0m[INFO] [1764920174.461337340, 3.003000000]: Joint state: LF pos=0.0450875 v=4.99044e-05 RF pos=-0.363253 v=-0.0015675 LB pos=0.0647757 v=0.00128602 RB pos=-0.116644 v=0.00555339[0m
[0m[INFO] [1764920175.690768810, 4.004000000]: Joint state: LF pos=0.0454511 v=0.000449255 RF pos=-0.362544 v=-0.0011566 LB pos=0.0658965 v=0.00123076 RB pos=-0.115441 v=0.00109763[0m
[0m[INFO] [1764920176.949418094, 5.005000000]: Joint state: LF pos=0.0459699 v=0.000469239 RF pos=-0.361693 v=-0.000987471 LB pos=0.0669915 v=0.00119112 RB pos=-0.114461 v=0.000985595[0m
[0m[INFO] [1764920178.246975211, 6.006000000]: Joint state: LF pos=0.0464594 v=0.000410257 RF pos=-0.36089 v=-0.000943132 LB pos=0.0680059 v=0.00109462 RB pos=-0.113584 v=0.000896957[0m
[0m[INFO] [1764920179.479197584, 7.007000000]: Joint state: LF pos=0.046881 v=0.000337939 RF pos=-0.36017 v=-0.0010145 LB pos=0.0689129 v=0.00099107 RB pos=-0.112803 v=0.000803746[0m
[0m[INFO] [1764920180.718790765, 8.008000000]: Joint state: LF pos=0.0472286 v=0.000261148 RF pos=-0.359538 v=-0.00109105 LB pos=0.0697103 v=0.0008867 RB pos=-0.112119 v=0.000713725[0m
[0m[INFO] [1764920181.950215169, 9.008000000]: Joint state: LF pos=0.0475001 v=0.00018437 RF pos=-0.358995 v=-0.00116613 LB pos=0.0704001 v=0.000788037 RB pos=-0.111525 v=0.000628087[0m
[0m[INFO] [1764920183.161993253, 10.010000000]: Joint state: LF pos=0.0476655 v=4.99797e-05 RF pos=-0.358586 v=-0.00132416 LB pos=0.0709535 v=0.000621292 RB pos=-0.111083 v=0.000649174[0m
[0m[INFO] [1764920184.394121975, 11.011000000]: Joint state: LF pos=0.0477049 v=-6.67347e-05 RF pos=-0.358301 v=-0.00146447 LB pos=0.0713721 v=0.000470528 RB pos=-0.11076 v=0.000666903[0m
[0m[INFO] [1764920185.678955665, 12.012000000]: Joint state: LF pos=0.0476117 v=-0.000196886 RF pos=-0.358147 v=-0.00158554 LB pos=0.0716393 v=0.000496635 RB pos=-0.110571 v=0.000679627[0m
[0m[INFO] [1764920186.934934462, 13.013000000]: Joint state: LF pos=0.0474048 v=-0.000295042 RF pos=-0.358099 v=-0.00168114 LB pos=0.07181 v=0.000522526 RB pos=-0.110486 v=0.000680199[0m
[0m[INFO] [1764920188.218483601, 14.014000000]: Joint state: LF pos=0.0471155 v=-0.000358834 RF pos=-0.35813 v=-0.00175035 LB pos=0.0719086 v=0.000548053 RB pos=-0.110478 v=0.000687364[0m
[0m[INFO] [1764920189.498424473, 15.015000000]: Joint state: LF pos=0.0467923 v=-0.000370414 RF pos=-0.358198 v=-0.00178246 LB pos=0.0719741 v=0.000571824 RB pos=-0.110505 v=0.000682926[0m
[0m[INFO] [1764920190.728087008, 16.016000000]: Joint state: LF pos=0.0464737 v=-0.000355742 RF pos=-0.358272 v=-0.00181467 LB pos=0.0720338 v=0.000593616 RB pos=-0.11054 v=0.000680296[0m
[0m[INFO] [1764920191.998668755, 17.016000000]: Joint state: LF pos=0.0461757 v=-0.000333262 RF pos=-0.358341 v=-0.00180571 LB pos=0.0720985 v=0.000616174 RB pos=-0.11057 v=0.00067098[0m
[0m[INFO] [1764920193.224030053, 18.017000000]: Joint state: LF pos=0.045902 v=-0.000309473 RF pos=-0.358403 v=-0.00180443 LB pos=0.0721708 v=0.000637418 RB pos=-0.110593 v=0.000679224[0m
[0m[INFO] [1764920194.445032303, 19.019000000]: Joint state: LF pos=0.0456517 v=-0.000289125 RF pos=-0.358457 v=-0.00181152 LB pos=0.0722505 v=0.00065912 RB pos=-0.110609 v=0.000666462[0m
[0m[INFO] [1764920195.666676672, 20.020000000]: Joint state: LF pos=0.0454197 v=-0.000263394 RF pos=-0.358518 v=-0.00188906 LB pos=0.0723223 v=0.000679042 RB pos=-0.110633 v=0.00066426[0m
[0m[INFO] [1764920196.922204320, 21.021000000]: Joint state: LF pos=0.0452615 v=-0.000158515 RF pos=-0.358661 v=-0.00191968 LB pos=0.0723043 v=0.000696137 RB pos=-0.110741 v=0.000658509[0m
[0m[INFO] [1764920198.093417702, 22.022000000]: Joint state: LF pos=0.0451868 v=-9.99553e-05 RF pos=-0.358789 v=-0.00190209 LB pos=0.0722991 v=0.000714542 RB pos=-0.110836 v=0.000657684[0m
[0m[INFO] [1764920199.253940064, 23.023000000]: Joint state: LF pos=0.0451517 v=-7.6159e-05 RF pos=-0.35889 v=-0.00188639 LB pos=0.0723197 v=0.000733803 RB pos=-0.110904 v=0.000657419[0m
[0m[INFO] [1764920200.470673285, 24.024000000]: Joint state: LF pos=0.0451277 v=-7.94825e-05 RF pos=-0.358968 v=-0.0018658 LB pos=0.0723641 v=0.000753422 RB pos=-0.11095 v=0.000658961[0m
[0m[INFO] [1764920201.681410553, 25.025000000]: Joint state: LF pos=0.0450934 v=-9.04619e-05 RF pos=-0.359028 v=-0.00187812 LB pos=0.0724271 v=0.000772755 RB pos=-0.110978 v=0.000660325[0m
[0m[INFO] [1764920202.922010923, 26.026000000]: Joint state: LF pos=0.0450517 v=-9.58109e-05 RF pos=-0.359088 v=-0.00188837 LB pos=0.0724902 v=0.000791506 RB pos=-0.111007 v=0.000659746[0m
[0m[INFO] [1764920204.227772194, 27.027000000]: Joint state: LF pos=0.0450066 v=-9.83173e-05 RF pos=-0.359149 v=-0.00190564 LB pos=0.0725521 v=0.000808966 RB pos=-0.111039 v=0.000668458[0m
[0m[INFO] [1764920205.483357654, 28.026000000]: Joint state: LF pos=0.0449603 v=-9.80621e-05 RF pos=-0.35921 v=-0.00191229 LB pos=0.0726139 v=0.000826768 RB pos=-0.111068 v=0.000661128[0m
[0m[INFO] [1764920206.431963151, 28.739000000]: GeoLock released[0m
[0m[INFO] [1764920206.432068728, 28.739000000]: Power limit triggered: scaling=0.229 (a=5705.840, b=0.054, c=-300.000)[0m
[0m[INFO] [1764920206.800915221, 29.028000000]: Joint state: LF pos=7.02638 v=24.9647 RF pos=6.78562 v=25.0256 LB pos=6.33656 v=24.9573 RB pos=6.21507 v=25.0312[0m
[0m[INFO] [1764920207.819990291, 29.834000000]: Power limit triggered: scaling=0.746 (a=274.344, b=181.546, c=-288.397)[0m
[0m[INFO] [1764920208.068206649, 30.030000000]: Joint state: LF pos=28.5269 v=22.6369 RF pos=30.3484 v=13.6431 LB pos=30.9173 v=25.8872 RB pos=31.1896 v=20.2018[0m
[0m[INFO] [1764920209.340749189, 31.031000000]: Joint state: LF pos=53.083 v=24.9972 RF pos=54.7209 v=25.0206 LB pos=55.9093 v=24.9958 RB pos=56.0629 v=24.9799[0m
[0m[INFO] [1764920209.672792088, 31.292000000]: Power limit triggered: scaling=0.908 (a=171.694, b=161.563, c=-288.287)[0m
[0m[INFO] [1764920210.621175976, 32.032000000]: Joint state: LF pos=77.7514 v=24.9948 RF pos=79.348 v=25.0154 LB pos=76.5208 v=25.0187 RB pos=78.5712 v=24.9636[0m
[0m[INFO] [1764920211.808136279, 32.976000000]: Power limit triggered: scaling=0.976 (a=163.488, b=136.363, c=-288.867)[0m
[0m[INFO] [1764920211.878217097, 33.033000000]: Joint state: LF pos=102.345 v=-11.0748 RF pos=103.933 v=15.6224 LB pos=101.356 v=24.6856 RB pos=103.558 v=24.7217[0m
[0m[INFO] [1764920213.143997218, 34.034000000]: Joint state: LF pos=123.99 v=25.003 RF pos=126.027 v=25.0214 LB pos=126.011 v=25.0018 RB pos=128.614 v=24.9556[0m
[0m[INFO] [1764920214.387186384, 35.035000000]: Joint state: LF pos=149.025 v=24.9879 RF pos=150.815 v=25.0317 LB pos=151.056 v=24.9855 RB pos=153.903 v=24.9918[0m
[0m[INFO] [1764920215.096495150, 35.600000000]: GeoLock activated: wheel_brake=yes, angles=[135.0??, 45.0??, -135.0??, -45.0??][0m
[0m[INFO] [1764920215.096764546, 35.600000000]: Power limit triggered: scaling=0.078 (a=14999.050, b=2499.842, c=-288.001)[0m
[0m[INFO] [1764920215.652037261, 36.036000000]: Joint state: LF pos=163.223 v=-0.00507219 RF pos=164.987 v=-0.0151673 LB pos=165.004 v=0.00399307 RB pos=168.202 v=-0.0043134[0m
[0m[INFO] [1764920216.883078743, 37.037000000]: Joint state: LF pos=163.222 v=-0.000322822 RF pos=164.986 v=-0.00991996 LB pos=165.004 v=0.00709548 RB pos=168.201 v=0.00138295[0m
[0m[INFO] [1764920218.022925225, 38.038000000]: Joint state: LF pos=163.222 v=-0.00025729 RF pos=164.985 v=-0.0101072 LB pos=165.004 v=0.00530304 RB pos=168.2 v=0.00154977[0m
[0m[INFO] [1764920219.162386703, 39.039000000]: Joint state: LF pos=163.221 v=-0.000153534 RF pos=164.985 v=-0.0103986 LB pos=165.004 v=0.00481205 RB pos=168.2 v=0.00165713[0m
[0m[INFO] [1764920220.311361407, 40.040000000]: Joint state: LF pos=163.221 v=-2.5486e-05 RF pos=164.984 v=-0.0104989 LB pos=165.004 v=0.00438233 RB pos=168.2 v=0.00177884[0m
[0m[INFO] [1764920221.427266702, 41.041000000]: Joint state: LF pos=163.221 v=9.25921e-05 RF pos=164.984 v=-0.0104119 LB pos=165.003 v=0.00385425 RB pos=168.2 v=0.00193305[0m
[0m[INFO] [1764920222.566358392, 42.042000000]: Joint state: LF pos=163.221 v=0.000225434 RF pos=164.983 v=-0.0103297 LB pos=165.003 v=0.00346282 RB pos=168.2 v=0.00207505[0m
[0m[INFO] [1764920223.705361732, 43.043000000]: Joint state: LF pos=163.22 v=0.000371412 RF pos=164.983 v=-0.0101586 LB pos=165.003 v=0.00302137 RB pos=168.2 v=0.00222243[0m
[0m[INFO] [1764920224.892140531, 44.044000000]: Joint state: LF pos=163.22 v=0.000417489 RF pos=164.982 v=-0.0100398 LB pos=165.002 v=0.00260924 RB pos=168.2 v=0.00239118[0m
[0m[INFO] [1764920226.037624430, 45.045000000]: Joint state: LF pos=163.22 v=0.000419597 RF pos=164.982 v=-0.00987838 LB pos[0m[INFO] [1764920169.764175081]: Finished loading Gazebo ROS API Plugin.[0m
[0m[INFO] [1764920169.765074550]: waitForService: Service [/gazebo_gui/set_physics_properties] has not been advertised, waiting...[0m
[1;32m[Msg] [0m[1;32mWaiting for master.[0m[1;32m
[0m[1;32m[0m[1;32m[Msg] [0m[1;32mConnected to gazebo master @ [0m[1;32mhttp://127.0.0.1:11345[0m[1;32m
[0m[1;32m[0m[1;32m[Msg] [0m[1;32mPublicized address: [0m[1;32m192.168.5.77[0m[1;32m
[0m[1;32m[0m[1;33m[Wrn] [ModelDatabase.cc:213] [0m[1;33mUnable to connect to model database using [[0m[1;33mhttp://models.gazebosim.org/drc_practice_wood_slats/model.config[0m[1;33m]. Only locally installed models will be available.
[0m[1;31m[Err] [ModelDatabase.cc:395] [0m[1;31mUnable to get model name[[0m[1;31mhttp://models.gazebosim.org/drc_practice_wood_slats[0m[1;31m]
[0m[1;33m[Wrn] [ModelDatabase.cc:213] [0m[1;33mUnable to connect to model database using [[0m[1;33mhttp://models.gazebosim.org/drc_practice_handle_wheel_valve_wall/model.config[0m[1;33m]. Only locally installed models will be available.
[0m[1;31m[Err] [ModelDatabase.cc:395] [0m[1;31mUnable to get model name[[0m[1;31mhttp://models.gazebosim.org/drc_practice_handle_wheel_valve_wall[0m[1;31m]
[0m[1;33m[Wrn] [ModelDatabase.cc:213] [0m[1;33mUnable to connect to model database using [[0m[1;33mhttp://models.gazebosim.org/sun/model.config[0m[1;33m]. Only locally installed models will be available.
[0m[1;31m[Err] [ModelDatabase.cc:395] [0m[1;31mUnable to get model name[[0m[1;31mhttp://models.gazebosim.org/sun[0m[1;31m]
[0m[1;33m[Wrn] [ModelDatabase.cc:213] [0m[1;33mUnable to connect to model database using [[0m[1;33mhttp://models.gazebosim.org/asphalt_plane/model.config[0m[1;33m]. Only locally installed models will be available.
[0m[1;31m[Err] [ModelDatabase.cc:395] [0m[1;31mUnable to get model name[[0m[1;31mhttp://models.gazebosim.org/asphalt_plane[0m[1;31m]
[0m[1;33m[Wrn] [ModelDatabase.cc:213] [0m[1;33mUnable to connect to model database using [[0m[1;33mhttp://models.gazebosim.org/number4/model.config[0m[1;33m]. Only locally installed models will be available.
[0m[1;31m[Err] [ModelDatabase.cc:395] [0m[1;31mUnable to get model name[[0m[1;31mhttp://models.gazebosim.org/number4[0m[1;31m]
[0m[1;33m[Wrn] [ModelDatabase.cc:213] [0m[1;33mUnable to connect to model database using [[0m[1;33mhttp://models.gazebosim.org/round_tin_top/model.config[0m[1;33m]. Only locally installed models will be available.
[0m[1;31m[Err] [ModelDatabase.cc:395] [0m[1;31mUnable to get model name[[0m[1;31mhttp://models.gazebosim.org/round_tin_top[0m[1;31m]
[0m[1;33m[Wrn] [ModelDatabase.cc:213] [0m[1;33mUnable to connect to model database using [[0m[1;33mhttp://models.gazebosim.org/t_brace_part/model.config[0m[1;33m]. Only locally installed models will be available.
[0m[1;31m[Err] [ModelDatabase.cc:395] [0m[1;31mUnable to get model name[[0m[1;31mhttp://models.gazebosim.org/t_brace_part[0m[1;31m]
[0m[1;33m[Wrn] [ModelDatabase.cc:213] [0m[1;33mUnable to connect to model database using [[0m[1;33mhttp://models.gazebosim.org/drc_practice_angled_barrier_45/model.config[0m[1;33m]. Only locally installed models will be available.
[0m[1;31m[Err] [ModelDatabase.cc:395] [0m[1;31mUnable to get model name[[0m[1;31mhttp://models.gazebosim.org/drc_practice_angled_barrier_45[0m[1;31m]
[0m[1;33m[Wrn] [ModelDatabase.cc:213] [0m[1;33mUnable to connect to model database using [[0m[1;33mhttp://models.gazebosim.org/iris_with_standoffs_demo/model.config[0m[1;33m]. Only locally installed models will be available.
[0m[1;31m[Err] [ModelDatabase.cc:395] [0m[1;31mUnable to get model name[[0m[1;31mhttp://models.gazebosim.org/iris_with_standoffs_demo[0m[1;31m]
[0m[1;33m[Wrn] [ModelDatabase.cc:213] [0m[1;33mUnable to connect to model database using [[0m[1;33mhttp://models.gazebosim.org/frc2016_lowbar/model.config[0m[1;33m]. Only locally installed models will be available.
[0m[1;31m[Err] [ModelDatabase.cc:395] [0m[1;31mUnable to get model name[[0m[1;31mhttp://models.gazebosim.org/frc2016_lowbar[0m[1;31m]
[0m[1;33m[Wrn] [ModelDatabase.cc:213] [0m[1;33mUnable to connect to model database using [[0m[1;33mhttp://models.gazebosim.org/mailbox/model.config[0m[1;33m]. Only locally installed models will be available.
[0m[1;31m[Err] [ModelDatabase.cc:395] [0m[1;31mUnable to get model name[[0m[1;31mhttp://models.gazebosim.org/mailbox[0m[1;31m]
[0m[1;33m[Wrn] [ModelDatabase.cc:213] [0m[1;33mUnable to connect to model database using [[0m[1;33mhttp://models.gazebosim.org/irobot_hand/model.config[0m[1;33m]. Only locally installed models will be available.
[0m[1;31m[Err] [ModelDatabase.cc:395] [0m[1;31mUnable to get model name[[0m[1;31mhttp://models.gazebosim.org/irobot_hand[0m[1;31m]
[0m[1;33m[Wrn] [ModelDatabase.cc:213] [0m[1;33mUnable to connect to model database using [[0m[1;33mhttp://models.gazebosim.org/demo_joint_stiffness/model.config[0m[1;33m]. Only locally installed models will be available.
[0m[1;31m[Err] [ModelDatabase.cc:395] [0m[1;31mUnable to get model name[[0m[1;31mhttp://models.gazebosim.org/demo_joint_stiffness[0m[1;31m]
[0m[1;33m[Wrn] [ModelDatabase.cc:213] [0m[1;33mUnable to connect to model database using [[0m[1;33mhttp://models.gazebosim.org/u_joint_part/model.config[0m[1;33m]. Only locally installed models will be available.
[0m[1;31m[Err] [ModelDatabase.cc:395] [0m[1;31mUnable to get model name[[0m[1;31mhttp://models.gazebosim.org/u_joint_part[0m[1;31m]
[0m[1;33m[Wrn] [ModelDatabase.cc:213] [0m[1;33mUnable to connect to model database using [[0m[1;33mhttp://models.gazebosim.org/double_pendulum_with_base/model.config[0m[1;33m]. Only locally installed models will be available.
[0m[1;31m[Err] [ModelDatabase.cc:395] [0m[1;31mUnable to get model name[[0m[1;31mhttp://models.gazebosim.org/double_pendulum_with_base[0m[1;31m]
[0m[1;33m[Wrn] [ModelDatabase.cc:213] [0m[1;33mUnable to connect to model database using [[0m[1;33mhttp://models.gazebosim.org/osrf_elevator/model.config[0m[1;33m]. Only locally installed models will be available.
[0m[1;31m[Err] [ModelDatabase.cc:395] [0m[1;31mUnable to get model name[[0m[1;31mhttp://models.gazebosim.org/osrf_elevator[0m[1;31m]
[0m[1;33m[Wrn] [ModelDatabase.cc:213] [0m[1;33mUnable to connect to model database using [[0m[1;33mhttp://models.gazebosim.org/submarine_sinking/model.config[0m[1;33m]. Only locally installed models will be available.
[0m[1;31m[Err] [ModelDatabase.cc:395] [0m[1;31mUnable to get model name[[0m[1;31mhttp://models.gazebosim.org/submarine_sinking[0m[1;31m]
[0m[1;33m[Wrn] [ModelDatabase.cc:213] [0m[1;33mUnable to connect to model database using [[0m[1;33mhttp://models.gazebosim.org/drc_practice_ball_valve/model.config[0m[1;33m]. Only locally installed models will be available.
[0m[1;31m[Err] [ModelDatabase.cc:395] [0m[1;31mUnable to get model name[[0m[1;31mhttp://models.gazebosim.org/drc_practice_ball_valve[0m[1;31m]
[0m[1;33m[Wrn] [ModelDatabase.cc:213] [0m[1;33mUnable to connect to model database using [[0m[1;33mhttp://models.gazebosim.org/arm_part/model.config[0m[1;33m]. Only locally installed models will be available.
[0m[1;31m[Err] [ModelDatabase.cc:395] [0m[1;31mUnable to get model name[[0m[1;31mhttp://models.gazebosim.org/arm_part[0m[1;31m]
[0m[1;33m[Wrn] [ModelDatabase.cc:213] [0m[1;33mUnable to connect to model database using [[0m[1;33mhttp://models.gazebosim.org/drc_practice_valve_wall/model.config[0m[1;33m]. Only locally installed models will be available.
[0m[1;31m[Err] [ModelDatabase.cc:395] [0m[1;31mUnable to get model name[[0m[1;31mhttp://models.gazebosim.org/drc_practice_valve_wall[0m[1;31m]
[0m[1;33m[Wrn] [ModelDatabase.cc:213] [0m[1;33mUnable to connect to model database using [[0m[1;33mhttp://models.gazebosim.org/drc_practice_hinged_door/model.config[0m[1;33m]. Only locally installed models will be available.
[0m[1;31m[Err] [ModelDatabase.cc:395] [0m[1;31mUnable to get model name[[0m[1;31mhttp://models.gazebosim.org/drc_practice_hinged_door[0m[1;31m]
[0m[1;33m[Wrn] [ModelDatabase.cc:213] [0m[1;33mUnable to connect to model database using [[0m[1;33mhttp://models.gazebosim.org/oak_tree/model.config[0m[1;33m]. Only locally installed models will be available.
[0m[1;31m[Err] [ModelDatabase.cc:395] [0m[1;31mUnable to get model name[[0m[1;31mhttp://models.gazebosim.org/oak_tree[0m[1;31m]
[0m[1;33m[Wrn] [ModelDatabase.cc:213] [0m[1;33mUnable to connect to model database using [[0m[1;33mhttp://models.gazebosim.org/collapsed_police_station/model.config[0m[1;33m]. Only locally installed models will be available.
[0m[1;31m[Err] [ModelDatabase.cc:395] [0m[1;31mUnable to get model name[[0m[1;31mhttp://models.gazebosim.org/collapsed_police_station[0m[1;31m]
[0m[1;33m[Wrn] [ModelDatabase.cc:213] [0m[1;33mUnable to connect to model database using [[0m[1;33mhttp://models.gazebosim.org/baylands/model.config[0m[1;33m]. Only locally installed models will be available.
[0m[1;31m[Err] [ModelDatabase.cc:395] [0m[1;31mUnable to get model name[[0m[1;31mhttp://models.gazebosim.org/baylands[0m[1;31m]
[0m[1;33m[Wrn] [ModelDatabase.cc:213] [0m[1;33mUnable to connect to model database using [[0m[1;33mhttp://models.gazebosim.org/cinder_block_2/model.config[0m[1;33m]. Only locally installed models will be available.
[0m[1;31m[Err] [ModelDatabase.cc:395] [0m[1;31mUnable to get model name[[0m[1;31mhttp://models.gazebosim.org/cinder_block_2[0m[1;31m]
[0m[1;33m[Wrn] [ModelDatabase.cc:213] [0m[1;33mUnable to connect to model database using [[0m[1;33mhttp://models.gazebosim.org/table_marble/model.config[0m[1;33m]. Only locally installed models will be available.
[0m[1;31m[Err] [ModelDatabase.cc:395] [0m[1;31mUnable to get model name[[0m[1;31mhttp://models.gazebosim.org/table_marble[0m[1;31m]
[0m[1;33m[Wrn] [ModelDatabase.cc:213] [0m[1;33mUnable to connect to model database using [[0m[1;33mhttp://models.gazebosim.org/cart_soft_suspension/model.config[0m[1;33m]. Only locally installed models will be available.
[0m[1;31m[Err] [ModelDatabase.cc:395] [0m[1;31mUnable to get model name[[0m[1;31mhttp://models.gazebosim.org/cart_soft_suspension[0m[1;31m]
[0m[1;33m[Wrn] [ModelDatabase.cc:213] [0m[1;33mUnable to connect to model database using [[0m[1;33mhttp://models.gazebosim.org/number5/model.config[0m[1;33m]. Only locally installed models will be available.
[0m[1;31m[Err] [ModelDatabase.cc:395] [0m[1;31mUnable to get model name[[0m[1;31mhttp://models.gazebosim.org/number5[0m[1;31m]
[0m[1;33m[Wrn] [ModelDatabase.cc:213] [0m[1;33mUnable to connect to model database using [[0m[1;33mhttp://models.gazebosim.org/stereo_camera/model.config[0m[1;33m]. Only locally installed models will be available.
[0m[1;31m[Err] [ModelDatabase.cc:395] [0m[1;31mUnable to get model name[[0m[1;31mhttp://models.gazebosim.org/stereo_camera[0m[1;31m]
[0m[1;33m[Wrn] [ModelDatabase.cc:213] [0m[1;33mUnable to connect to model database using [[0m[1;33mhttp://models.gazebosim.org/metal_peg/model.config[0m[1;33m]. Only locally installed models will be available.
[0m[1;31m[Err] [ModelDatabase.cc:395] [0m[1;31mUnable to get model name[[0m[1;31mhttp://models.gazebosim.org/metal_peg[0m[1;31m]
[0m[1;33m[Wrn] [ModelDatabase.cc:213] [0m[1;33mUnable to connect to model database using [[0m[1;33mhttp://models.gazebosim.org/police_station/model.config[0m[1;33m]. Only locally installed models will be available.
[0m[1;31m[Err] [ModelDatabase.cc:395] [0m[1;31mUnable to get model name[[0m[1;31mhttp://models.gazebosim.org/police_station[0m[1;31m]
[0m[1;33m[Wrn] [ModelDatabase.cc:213] [0m[1;33mUnable to connect to model database using [[0m[1;33mhttp://models.gazebosim.org/drc_practice_4x4x40/model.config[0m[1;33m]. Only locally installed models will be available.
[0m[1;31m[Err] [ModelDatabase.cc:395] [0m[1;31mUnable to get model name[[0m[1;31mhttp://models.gazebosim.org/drc_practice_4x4x40[0m[1;31m]
[0m[1;33m[Wrn] [ModelDatabase.cc:213] [0m[1;33mUnable to connect to model database using [[0m[1;33mhttp://models.gazebosim.org/drc_practice_white_jersey_barrier/model.config[0m[1;33m]. Only locally installed models will be available.
[0m[1;31m[Err] [ModelDatabase.cc:395] [0m[1;31mUnable to get model name[[0m[1;31mhttp://models.gazebosim.org/drc_practice_white_jersey_barrier[0m[1;31m]
[0m[1;33m[Wrn] [ModelDatabase.cc:213] [0m[1;33mUnable to connect to model database using [[0m[1;33mhttp://models.gazebosim.org/stop_light/model.config[0m[1;33m]. Only locally installed models will be available.
[0m[1;31m[Err] [ModelDatabase.cc:395] [0m[1;31mUnable to get model name[[0m[1;31mhttp://models.gazebosim.org/stop_light[0m[1;31m]
[0m[1;33m[Wrn] [ModelDatabase.cc:213] [0m[1;33mUnable to connect to model database using [[0m[1;33mhttp://models.gazebosim.org/box_target_green/model.config[0m[1;33m]. Only locally installed models will be available.
[0m[1;31m[Err] [ModelDatabase.cc:395] [0m[1;31mUnable to get model name[[0m[1;31mhttp://models.gazebosim.org/box_target_green[0m[1;31m]
[0m[1;33m[Wrn] [ModelDatabase.cc:213] [0m[1;33mUnable to connect to model database using [[0m[1;33mhttp://models.gazebosim.org/stop_sign/model.config[0m[1;33m]. Only locally installed models will be available.
[0m[1;31m[Err] [ModelDatabase.cc:395] [0m[1;31mUnable to get model name[[0m[1;31mhttp://models.gazebosim.org/stop_sign[0m[1;31m]
[0m[1;33m[Wrn] [ModelDatabase.cc:213] [0m[1;33mUnable to connect to model database using [[0m[1;33mhttp://models.gazebosim.org/radio_tower/model.config[0m[1;33m]. Only locally installed models will be available.
[0m[1;31m[Err] [ModelDatabase.cc:395] [0m[1;31mUnable to get model name[[0m[1;31mhttp://models.gazebosim.org/radio_tower[0m[1;31m]
[0m[1;33m[Wrn] [ModelDatabase.cc:213] [0m[1;33mUnable to connect to model database using [[0m[1;33mhttp://models.gazebosim.org/polaris_ranger_xp900_no_roll_cage/model.config[0m[1;33m]. Only locally installed models will be available.
[0m[1;31m[Err] [ModelDatabase.cc:395] [0m[1;31mUnable to get model name[[0m[1;31mhttp://models.gazebosim.org/polaris_ranger_xp900_no_roll_cage[0m[1;31m]
[0m[1;33m[Wrn] [ModelDatabase.cc:213] [0m[1;33mUnable to connect to model database using [[0m[1;33mhttp://models.gazebosim.org/collapsed_fire_station/model.config[0m[1;33m]. Only locally installed models will be available.
[0m[1;31m[Err] [ModelDatabase.cc:395] [0m[1;31mUnable to get model name[[0m[1;31mhttp://models.gazebosim.org/collapsed_fire_station[0m[1;31m]
[0m[1;33m[Wrn] [ModelDatabase.cc:213] [0m[1;33mUnable to connect to model database using [[0m[1;33mhttp://models.gazebosim.org/lunar_tranquillitatis_pit/model.config[0m[1;33m]. Only locally installed models will be available.
[0m[1;31m[Err] [ModelDatabase.cc:395] [0m[1;31mUnable to get model name[[0m[1;31mhttp://models.gazebosim.org/lunar_tranquillitatis_pit[0m[1;31m]
[0m[1;33m[Wrn] [ModelDatabase.cc:213] [0m[1;33mUnable to connect to model database using [[0m[1;33mhttp://models.gazebosim.org/husky/model.config[0m[1;33m]. Only locally installed models will be available.
[0m[1;31m[Err] [ModelDatabase.cc:395] [0m[1;31mUnable to get model name[[0m[1;31mhttp://models.gazebosim.org/husky[0m[1;31m]
[0m[1;33m[Wrn] [ModelDatabase.cc:213] [0m[1;33mUnable to connect to model database using [[0m[1;33mhttp://models.gazebosim.org/nist_stairs_120/model.config[0m[1;33m]. Only locally installed models will be available.
[0m[1;31m[Err] [ModelDatabase.cc:395] [0m[1;31mUnable to get model name[[0m[1;31mhttp://models.gazebosim.org/nist_stairs_120[0m[1;31m]
[0m[1;33m[Wrn] [ModelDatabase.cc:213] [0m[1;33mUnable to connect to model database using [[0m[1;33mhttp://models.gazebosim.org/metal_peg_board/model.config[0m[1;33m]. Only locally installed models will be available.
[0m[1;31m[Err] [ModelDatabase.cc:395] [0m[1;31mUnable to get model name[[0m[1;31mhttp://models.gazebosim.org/metal_peg_board[0m[1;31m]
[0m[1;33m[Wrn] [ModelDatabase.cc:213] [0m[1;33mUnable to connect to model database using [[0m[1;33mhttp://models.gazebosim.org/frc2016_drawbridge/model.config[0m[1;33m]. Only locally installed models will be available.
[0m[1;31m[Err] [ModelDatabase.cc:395] [0m[1;31mUnable to get model name[[0m[1;31mhttp://models.gazebosim.org/frc2016_drawbridge[0m[1;31m]
[0m[1;33m[Wrn] [ModelDatabase.cc:213] [0m[1;33mUnable to connect to model database using [[0m[1;33mhttp://models.gazebosim.org/apollo15_landing_site_1000x1000/model.config[0m[1;33m]. Only locally installed models will be available.
[0m[1;31m[Err] [ModelDatabase.cc:395] [0m[1;31mUnable to get model name[[0m[1;31mhttp://models.gazebosim.org/apollo15_landing_site_1000x1000[0m[1;31m]
[0m[1;33m[Wrn] [ModelDatabase.cc:213] [0m[1;33mUnable to connect to model database using [[0m[1;33mhttp://models.gazebosim.org/iscas_museum/model.config[0m[1;33m]. Only locally installed models will be available.
[0m[1;31m[Err] [ModelDatabase.cc:395] [0m[1;31mUnable to get model name[[0m[1;31mhttp://models.gazebosim.org/iscas_museum[0m[1;31m]
[0m[1;33m[Wrn] [ModelDatabase.cc:213] [0m[1;33mUnable to connect to model database using [[0m[1;33mhttp://models.gazebosim.org/turtlebot/model.config[0m[1;33m]. Only locally installed models will be available.
[0m[1;31m[Err] [ModelDatabase.cc:395] [0m[1;31mUnable to get model name[[0m[1;31mhttp://models.gazebosim.org/turtlebot[0m[1;31m]
[0m[1;33m[Wrn] [ModelDatabase.cc:213] [0m[1;33mUnable to connect to model database using [[0m[1;33mhttp://models.gazebosim.org/drc_practice_orange_jersey_barrier/model.config[0m[1;33m]. Only locally installed models will be available.
[0m[1;31m[Err] [ModelDatabase.cc:395] [0m[1;31mUnable to get model name[[0m[1;31mhttp://models.gazebosim.org/drc_practice_orange_jersey_barrier[0m[1;31m]
[0m[1;33m[Wrn] [ModelDatabase.cc:213] [0m[1;33mUnable to connect to model database using [[0m[1;33mhttp://models.gazebosim.org/drc_practice_ladder/model.config[0m[1;33m]. Only locally installed models will be available.
[0m[1;31m[Err] [ModelDatabase.cc:395] [0m[1;31mUnable to get model name[[0m[1;31mhttp://models.gazebosim.org/drc_practice_ladder[0m[1;31m]
[0m[1;33m[Wrn] [ModelDatabase.cc:213] [0m[1;33mUnable to connect to model database using [[0m[1;33mhttp://models.gazebosim.org/wood_cube_10cm/model.config[0m[1;33m]. Only locally installed models will be available.
[0m[1;31m[Err] [ModelDatabase.cc:395] [0m[1;31mUnable to get model name[[0m[1;31mhttp://models.gazebosim.org/wood_cube_10cm[0m[1;31m]
[0m[1;33m[Wrn] [ModelDatabase.cc:213] [0m[1;33mUnable to connect to model database using [[0m[1;33mhttp://models.gazebosim.org/postbox/model.config[0m[1;33m]. Only locally installed models will be available.
[0m[1;31m[Err] [ModelDatabase.cc:395] [0m[1;31mUnable to get model name[[0m[1;31mhttp://models.gazebosim.org/postbox[0m[1;31m]
[0m[1;33m[Wrn] [ModelDatabase.cc:213] [0m[1;33mUnable to connect to model database using [[0m[1;33mhttp://models.gazebosim.org/cross_joint_part/model.config[0m[1;33m]. Only locally installed models will be available.
[0m[1;31m[Err] [ModelDatabase.cc:395] [0m[1;31mUnable to get model name[[0m[1;31mhttp://models.gazebosim.org/cross_joint_part[0m[1;31m]
[0m[1;33m[Wrn] [ModelDatabase.cc:213] [0m[1;33mUnable to connect to model database using [[0m[1;33mhttp://models.gazebosim.org/nist_fiducial_barrel/model.config[0m[1;33m]. Only locally installed models will be available.
[0m[1;31m[Err] [ModelDatabase.cc:395] [0m[1;31mUnable to get model name[[0m[1;31mhttp://models.gazebosim.org/nist_fiducial_barrel[0m[1;31m]
[0m[1;33m[Wrn] [ModelDatabase.cc:213] [0m[1;33mUnable to connect to model database using [[0m[1;33mhttp://models.gazebosim.org/gas_station/model.config[0m[1;33m]. Only locally installed models will be available.
[0m[1;31m[Err] [ModelDatabase.cc:395] [0m[1;31mUnable to get model name[[0m[1;31mhttp://models.gazebosim.org/gas_station[0m[1;31m]
[0m[1;33m[Wrn] [ModelDatabase.cc:213] [0m[1;33mUnable to connect to model database using [[0m[1;33mhttp://models.gazebosim.org/tube_2_25cm/model.config[0m[1;33m]. Only locally installed models will be available.
[0m[1;31m[Err] [ModelDatabase.cc:395] [0m[1;31mUnable to get model name[[0m[1;31mhttp://models.gazebosim.org/tube_2_25cm[0m[1;31m]
[0m[1;33m[Wrn] [ModelDatabase.cc:213] [0m[1;33mUnable to connect to model database using [[0m[1;33mhttp://models.gazebosim.org/nist_elevated_floor_120/model.config[0m[1;33m]. Only locally installed models will be available.
[0m[1;31m[Err] [ModelDatabase.cc:395] [0m[1;31mUnable to get model name[[0m[1;31mhttp://models.gazebosim.org/nist_elevated_floor_120[0m[1;31m]
[0m[1;33m[Wrn] [ModelDatabase.cc:213] [0m[1;33mUnable to connect to model database using [[0m[1;33mhttp://models.gazebosim.org/ladder_60deg_0rails/model.config[0m[1;33m]. Only locally installed models will be available.
[0m[1;31m[Err] [ModelDatabase.cc:395] [0m[1;31mUnable to get model name[[0m[1;31mhttp://models.gazebosim.org/ladder_60deg_0rails[0m[1;31m]
[0m[1;33m[Wrn] [ModelDatabase.cc:213] [0m[1;33mUnable to connect to model database using [[0m[1;33mhttp://models.gazebosim.org/ur10/model.config[0m[1;33m]. Only locally installed models will be available.
[0m[1;31m[Err] [ModelDatabase.cc:395] [0m[1;31mUnable to get model name[[0m[1;31mhttp://models.gazebosim.org/ur10[0m[1;31m]
[0m[1;33m[Wrn] [ModelDatabase.cc:213] [0m[1;33mUnable to connect to model database using [[0m[1;33mhttp://models.gazebosim.org/simple_arm_gripper/model.config[0m[1;33m]. Only locally installed models will be available.
[0m[1;31m[Err] [ModelDatabase.cc:395] [0m[1;31mUnable to get model name[[0m[1;31mhttp://models.gazebosim.org/simple_arm_gripper[0m[1;31m]
[0m[1;33m[Wrn] [ModelDatabase.cc:213] [0m[1;33mUnable to connect to model database using [[0m[1;33mhttp://models.gazebosim.org/fire_hydrant/model.config[0m[1;33m]. Only locally installed models will be available.
[0m[1;31m[Err] [ModelDatabase.cc:395] [0m[1;31mUnable to get model name[[0m[1;31mhttp://models.gazebosim.org/fire_hydrant[0m[1;31m]
[0m[1;33m[Wrn] [ModelDatabase.cc:213] [0m[1;33mUnable to connect to model database using [[0m[1;33mhttp://models.gazebosim.org/ladder_75deg_0rails/model.config[0m[1;33m]. Only locally installed models will be available.
[0m[1;31m[Err] [ModelDatabase.cc:395] [0m[1;31mUnable to get model name[[0m[1;31mhttp://models.gazebosim.org/ladder_75deg_0rails[0m[1;31m]
[0m[1;33m[Wrn] [ModelDatabase.cc:213] [0m[1;33mUnable to connect to model database using [[0m[1;33mhttp://models.gazebosim.org/pickup/model.config[0m[1;33m]. Only locally installed models will be available.
[0m[1;31m[Err] [ModelDatabase.cc:395] [0m[1;31mUnable to get model name[[0m[1;31mhttp://models.gazebosim.org/pickup[0m[1;31m]
[0m[1;33m[Wrn] [ModelDatabase.cc:213] [0m[1;33mUnable to connect to model database using [[0m[1;33mhttp://models.gazebosim.org/intel_realsense_r200/model.config[0m[1;33m]. Only locally installed models will be available.
[0m[1;31m[Err] [ModelDatabase.cc:395] [0m[1;31mUnable to get model name[[0m[1;31mhttp://models.gazebosim.org/intel_realsense_r200[0m[1;31m]
[0m[1;33m[Wrn] [ModelDatabase.cc:213] [0m[1;33mUnable to connect to model database using [[0m[1;33mhttp://models.gazebosim.org/bookshelf/model.config[0m[1;33m]. Only locally installed models will be available.
[0m[1;31m[Err] [ModelDatabase.cc:395] [0m[1;31mUnable to get model name[[0m[1;31mhttp://models.gazebosim.org/bookshelf[0m[1;31m]
[0m[1;33m[Wrn] [ModelDatabase.cc:213] [0m[1;33mUnable to connect to model database using [[0m[1;33mhttp://models.gazebosim.org/fire_truck/model.config[0m[1;33m]. Only locally installed models will be available.
[0m[1;31m[Err] [ModelDatabase.cc:395] [0m[1;31mUnable to get model name[[0m[1;31mhttp://models.gazebosim.org/fire_truck[0m[1;31m]
[0m[1;33m[Wrn] [ModelDatabase.cc:213] [0m[1;33mUnable to connect to model database using [[0m[1;33mhttp://models.gazebosim.org/euro_pallet/model.config[0m[1;33m]. Only locally installed models will be available.
[0m[1;31m[Err] [ModelDatabase.cc:395] [0m[1;31mUnable to get model name[[0m[1;31mhttp://models.gazebosim.org/euro_pallet[0m[1;31m]
[0m[1;33m[Wrn] [ModelDatabase.cc:213] [0m[1;33mUnable to connect to model database using [[0m[1;33mhttp://models.gazebosim.org/wooden_peg/model.config[0m[1;33m]. Only locally installed models will be available.
[0m[1;31m[Err] [ModelDatabase.cc:395] [0m[1;31mUnable to get model name[[0m[1;31mhttp://models.gazebosim.org/wooden_peg[0m[1;31m]
[0m[1;33m[Wrn] [ModelDatabase.cc:213] [0m[1;33mUnable to connect to model database using [[0m[1;33mhttp://models.gazebosim.org/textured_shapes/model.config[0m[1;33m]. Only locally installed models will be available.
[0m[1;31m[Err] [ModelDatabase.cc:395] [0m[1;31mUnable to get model name[[0m[1;31mhttp://models.gazebosim.org/textured_shapes[0m[1;31m]
[0m[1;33m[Wrn] [ModelDatabase.cc:213] [0m[1;33mUnable to connect to model database using [[0m[1;33mhttp://models.gazebosim.org/construction_barrel/model.config[0m[1;33m]. Only locally installed models will be available.
[0m[1;31m[Err] [ModelDatabase.cc:395] [0m[1;31mUnable to get model name[[0m[1;31mhttp://models.gazebosim.org/construction_barrel[0m[1;31m]
[0m[1;33m[Wrn] [ModelDatabase.cc:213] [0m[1;33mUnable to connect to model database using [[0m[1;33mhttp://models.gazebosim.org/brick_box_3x1x3/model.config[0m[1;33m]. Only locally installed models will be available.
[0m[1;31m[Err] [ModelDatabase.cc:395] [0m[1;31mUnable to get model name[[0m[1;31mhttp://models.gazebosim.org/brick_box_3x1x3[0m[1;31m]
[0m[1;33m[Wrn] [ModelDatabase.cc:213] [0m[1;33mUnable to connect to model database using [[0m[1;33mhttp://models.gazebosim.org/breakable_test/model.config[0m[1;33m]. Only locally installed models will be available.
[0m[1;31m[Err] [ModelDatabase.cc:395] [0m[1;31mUnable to get model name[[0m[1;31mhttp://models.gazebosim.org/breakable_test[0m[1;31m]
[0m[1;33m[Wrn] [ModelDatabase.cc:213] [0m[1;33mUnable to connect to model database using [[0m[1;33mhttp://models.gazebosim.org/pr2_gripper/model.config[0m[1;33m]. Only locally installed models will be available.
[0m[1;31m[Err] [ModelDatabase.cc:395] [0m[1;31mUnable to get model name[[0m[1;31mhttp://models.gazebosim.org/pr2_gripper[0m[1;31m]
[0m[1;33m[Wrn] [ModelDatabase.cc:213] [0m[1;33mUnable to connect to model database using [[0m[1;33mhttp://models.gazebosim.org/law_office/model.config[0m[1;33m]. Only locally installed models will be available.
[0m[1;31m[Err] [ModelDatabase.cc:395] [0m[1;31mUnable to get model name[[0m[1;31mhttp://models.gazebosim.org/law_office[0m[1;31m]
[0m[1;33m[Wrn] [ModelDatabase.cc:213] [0m[1;33mUnable to connect to model database using [[0m[1;33mhttp://models.gazebosim.org/table/model.config[0m[1;33m]. Only locally installed models will be available.
[0m[1;31m[Err] [ModelDatabase.cc:395] [0m[1;31mUnable to get model name[[0m[1;31mhttp://models.gazebosim.org/table[0m[1;31m]
[0m[1;33m[Wrn] [ModelDatabase.cc:213] [0m[1;33mUnable to connect to model database using [[0m[1;33mhttp://models.gazebosim.org/cabinet/model.config[0m[1;33m]. Only locally installed models will be available.
[0m[1;31m[Err] [ModelDatabase.cc:395] [0m[1;31mUnable to get model name[[0m[1;31mhttp://models.gazebosim.org/cabinet[0m[1;31m]
[0m[1;33m[Wrn] [ModelDatabase.cc:213] [0m[1;33mUnable to connect to model database using [[0m[1;33mhttp://models.gazebosim.org/asus_xtion_pro_camera/model.config[0m[1;33m]. Only locally installed models will be available.
[0m[1;31m[Err] [ModelDatabase.cc:395] [0m[1;31mUnable to get model name[[0m[1;31mhttp://models.gazebosim.org/asus_xtion_pro_camera[0m[1;31m]
[0m[1;33m[Wrn] [ModelDatabase.cc:213] [0m[1;33mUnable to connect to model database using [[0m[1;33mhttp://models.gazebosim.org/gimbal_small_2d/model.config[0m[1;33m]. Only locally installed models will be available.
[0m[1;31m[Err] [ModelDatabase.cc:395] [0m[1;31mUnable to get model name[[0m[1;31mhttp://models.gazebosim.org/gimbal_small_2d[0m[1;31m]
[0m[1;33m[Wrn] [ModelDatabase.cc:213] [0m[1;33mUnable to connect to model database using [[0m[1;33mhttp://models.gazebosim.org/prius_hybrid/model.config[0m[1;33m]. Only locally installed models will be available.
[0m[1;31m[Err] [ModelDatabase.cc:395] [0m[1;31mUnable to get model name[[0m[1;31mhttp://models.gazebosim.org/prius_hybrid[0m[1;31m]
[0m[1;33m[Wrn] [ModelDatabase.cc:213] [0m[1;33mUnable to connect to model database using [[0m[1;33mhttp://models.gazebosim.org/wood_block_10_2_1cm/model.config[0m[1;33m]. Only locally installed models will be available.
[0m[1;31m[Err] [ModelDatabase.cc:395] [0m[1;31mUnable to get model name[[0m[1;31mhttp://models.gazebosim.org/wood_block_10_2_1cm[0m[1;31m]
[0m[1;33m[Wrn] [ModelDatabase.cc:213] [0m[1;33mUnable to connect to model database using [[0m[1;33mhttp://models.gazebosim.org/cafe_table/model.config[0m[1;33m]. Only locally installed models will be available.
[0m[1;31m[Err] [ModelDatabase.cc:395] [0m[1;31mUnable to get model name[[0m[1;31mhttp://models.gazebosim.org/cafe_table[0m[1;31m]
[0m[1;33m[Wrn] [ModelDatabase.cc:213] [0m[1;33mUnable to connect to model database using [[0m[1;33mhttp://models.gazebosim.org/simple_gripper/model.config[0m[1;33m]. Only locally installed models will be available.
[0m[1;31m[Err] [ModelDatabase.cc:395] [0m[1;31mUnable to get model name[[0m[1;31mhttp://models.gazebosim.org/simple_gripper[0m[1;31m]
[0m[1;33m[Wrn] [ModelDatabase.cc:213] [0m[1;33mUnable to connect to model database using [[0m[1;33mhttp://models.gazebosim.org/piston_rod_part/model.config[0m[1;33m]. Only locally installed models will be available.
[0m[1;31m[Err] [ModelDatabase.cc:395] [0m[1;31mUnable to get model name[[0m[1;31mhttp://models.gazebosim.org/piston_rod_part[0m[1;31m]
[0m[1;33m[Wrn] [ModelDatabase.cc:213] [0m[1;33mUnable to connect to model database using [[0m[1;33mhttp://models.gazebosim.org/stone_10_2_5_1cm/model.config[0m[1;33m]. Only locally installed models will be available.
[0m[1;31m[Err] [ModelDatabase.cc:395] [0m[1;31mUnable to get model name[[0m[1;31mhttp://models.gazebosim.org/stone_10_2_5_1cm[0m[1;31m]
[0m[1;33m[Wrn] [ModelDatabase.cc:213] [0m[1;33mUnable to connect to model database using [[0m[1;33mhttp://models.gazebosim.org/school/model.config[0m[1;33m]. Only locally installed models will be available.
[0m[1;31m[Err] [ModelDatabase.cc:395] [0m[1;31mUnable to get model name[[0m[1;31mhttp://models.gazebosim.org/school[0m[1;31m]
[0m[1;33m[Wrn] [ModelDatabase.cc:213] [0m[1;33mUnable to connect to model database using [[0m[1;33mhttp://models.gazebosim.org/robocup_3Dsim_field/model.config[0m[1;33m]. Only locally installed models will be available.
[0m[1;31m[Err] [ModelDatabase.cc:395] [0m[1;31mUnable to get model name[[0m[1;31mhttp://models.gazebosim.org/robocup_3Dsim_field[0m[1;31m]
[0m[1;33m[Wrn] [ModelDatabase.cc:213] [0m[1;33mUnable to connect to model database using [[0m[1;33mhttp://models.gazebosim.org/region_event_box/model.config[0m[1;33m]. Only locally installed models will be available.
[0m[1;31m[Err] [ModelDatabase.cc:395] [0m[1;31mUnable to get model name[[0m[1;31mhttp://models.gazebosim.org/region_event_box[0m[1;31m]
[0m[1;33m[Wrn] [ModelDatabase.cc:213] [0m[1;33mUnable to connect to model database using [[0m[1;33mhttp://models.gazebosim.org/iris_with_standoffs/model.config[0m[1;33m]. Only locally installed models will be available.
[0m[1;31m[Err] [ModelDatabase.cc:395] [0m[1;31mUnable to get model name[[0m[1;31mhttp://models.gazebosim.org/iris_with_standoffs[0m[1;31m]
[0m[1;33m[Wrn] [ModelDatabase.cc:213] [0m[1;33mUnable to connect to model database using [[0m[1;33mhttp://models.gazebosim.org/nist_maze_wall_240/model.config[0m[1;33m]. Only locally installed models will be available.
[0m[1;31m[Err] [ModelDatabase.cc:395] [0m[1;31mUnable to get model name[[0m[1;31mhttp://models.gazebosim.org/nist_maze_wall_240[0m[1;31m]
[0m[1;33m[Wrn] [ModelDatabase.cc:213] [0m[1;33mUnable to connect to model database using [[0m[1;33mhttp://models.gazebosim.org/salon/model.config[0m[1;33m]. Only locally installed models will be available.
[0m[1;31m[Err] [ModelDatabase.cc:395] [0m[1;31mUnable to get model name[[0m[1;31mhttp://models.gazebosim.org/salon[0m[1;31m]
[0m[1;33m[Wrn] [ModelDatabase.cc:213] [0m[1;33mUnable to connect to model database using [[0m[1;33mhttp://models.gazebosim.org/wood_cube_5cm/model.config[0m[1;33m]. Only locally installed models will be available.
[0m[1;31m[Err] [ModelDatabase.cc:395] [0m[1;31mUnable to get model name[[0m[1;31mhttp://models.gazebosim.org/wood_cube_5cm[0m[1;31m]
[0m[1;33m[Wrn] [ModelDatabase.cc:213] [0m[1;33mUnable to connect to model database using [[0m[1;33mhttp://models.gazebosim.org/walkway_metal_45/model.config[0m[1;33m]. Only locally installed models will be available.
[0m[1;31m[Err] [ModelDatabase.cc:395] [0m[1;31mUnable to get model name[[0m[1;31mhttp://models.gazebosim.org/walkway_metal_45[0m[1;31m]
[0m[1;33m[Wrn] [ModelDatabase.cc:213] [0m[1;33mUnable to connect to model database using [[0m[1;33mhttp://models.gazebosim.org/simple_arm/model.config[0m[1;33m]. Only locally installed models will be available.
[0m[1;31m[Err] [ModelDatabase.cc:395] [0m[1;31mUnable to get model name[[0m[1;31mhttp://models.gazebosim.org/simple_arm[0m[1;31m]
[0m[1;33m[Wrn] [ModelDatabase.cc:213] [0m[1;33mUnable to connect to model database using [[0m[1;33mhttp://models.gazebosim.org/number8/model.config[0m[1;33m]. Only locally installed models will be available.
[0m[1;31m[Err] [ModelDatabase.cc:395] [0m[1;31mUnable to get model name[[0m[1;31mhttp://models.gazebosim.org/number8[0m[1;31m]
[0m[1;33m[Wrn] [ModelDatabase.cc:213] [0m[1;33mUnable to connect to model database using [[0m[1;33mhttp://models.gazebosim.org/cinder_block/model.config[0m[1;33m]. Only locally installed models will be available.
[0m[1;31m[Err] [ModelDatabase.cc:395] [0m[1;31mUnable to get model name[[0m[1;31mhttp://models.gazebosim.org/cinder_block[0m[1;31m]
[0m[1;33m[Wrn] [ModelDatabase.cc:213] [0m[1;33mUnable to connect to model database using [[0m[1;33mhttp://models.gazebosim.org/telephone_pole/model.config[0m[1;33m]. Only locally installed models will be available.
[0m[1;31m[Err] [ModelDatabase.cc:395] [0m[1;31mUnable to get model name[[0m[1;31mhttp://models.gazebosim.org/telephone_pole[0m[1;31m]
[0m[1;33m[Wrn] [ModelDatabase.cc:213] [0m[1;33mUnable to connect to model database using [[0m[1;33mhttp://models.gazebosim.org/cardboard_box/model.config[0m[1;33m]. Only locally installed models will be available.
[0m[1;31m[Err] [ModelDatabase.cc:395] [0m[1;31mUnable to get model name[[0m[1;31mhttp://models.gazebosim.org/cardboard_box[0m[1;31m]
[0m[1;33m[Wrn] [ModelDatabase.cc:213] [0m[1;33mUnable to connect to model database using [[0m[1;33mhttp://models.gazebosim.org/ladder_60deg_1rails/model.config[0m[1;33m]. Only locally installed models will be available.
[0m[1;31m[Err] [ModelDatabase.cc:395] [0m[1;31mUnable to get model name[[0m[1;31mhttp://models.gazebosim.org/ladder_60deg_1rails[0m[1;31m]
[0m[1;33m[Wrn] [ModelDatabase.cc:213] [0m[1;33mUnable to connect to model database using [[0m[1;33mhttp://models.gazebosim.org/demo_joint_damping/model.config[0m[1;33m]. Only locally installed models will be available.
[0m[1;31m[Err] [ModelDatabase.cc:395] [0m[1;31mUnable to get model name[[0m[1;31mhttp://models.gazebosim.org/demo_joint_damping[0m[1;31m]
[0m[1;33m[Wrn] [ModelDatabase.cc:213] [0m[1;33mUnable to connect to model database using [[0m[1;33mhttp://models.gazebosim.org/wooden_case/model.config[0m[1;33m]. Only locally installed models will be available.
[0m[1;31m[Err] [ModelDatabase.cc:395] [0m[1;31mUnable to get model name[[0m[1;31mhttp://models.gazebosim.org/wooden_case[0m[1;31m]
[0m[1;33m[Wrn] [ModelDatabase.cc:213] [0m[1;33mUnable to connect to model database using [[0m[1;33mhttp://models.gazebosim.org/lamp_post/model.config[0m[1;33m]. Only locally installed models will be available.
[0m[1;31m[Err] [ModelDatabase.cc:395] [0m[1;31mUnable to get model name[[0m[1;31mhttp://models.gazebosim.org/lamp_post[0m[1;31m]
[0m[1;33m[Wrn] [ModelDatabase.cc:213] [0m[1;33mUnable to connect to model database using [[0m[1;33mhttp://models.gazebosim.org/warehouse_robot/model.config[0m[1;33m]. Only locally installed models will be available.
[0m[1;31m[Err] [ModelDatabase.cc:395] [0m[1;31mUnable to get model name[[0m[1;31mhttp://models.gazebosim.org/warehouse_robot[0m[1;31m]
[0m[1;33m[Wrn] [ModelDatabase.cc:213] [0m[1;33mUnable to connect to model database using [[0m[1;33mhttp://models.gazebosim.org/gasket_part/model.config[0m[1;33m]. Only locally installed models will be available.
[0m[1;31m[Err] [ModelDatabase.cc:395] [0m[1;31mUnable to get model name[[0m[1;31mhttp://models.gazebosim.org/gasket_part[0m[1;31m]
[0m[1;33m[Wrn] [ModelDatabase.cc:213] [0m[1;33mUnable to connect to model database using [[0m[1;33mhttp://models.gazebosim.org/hatchback/model.config[0m[1;33m]. Only locally installed models will be available.
[0m[1;31m[Err] [ModelDatabase.cc:395] [0m[1;31mUnable to get model name[[0m[1;31mhttp://models.gazebosim.org/hatchback[0m[1;31m]
[0m[1;33m[Wrn] [ModelDatabase.cc:213] [0m[1;33mUnable to connect to model database using [[0m[1;33mhttp://models.gazebosim.org/drc_practice_hand_wheel_valve_wall/model.config[0m[1;33m]. Only locally installed models will be available.
[0m[1;31m[Err] [ModelDatabase.cc:395] [0m[1;31mUnable to get model name[[0m[1;31mhttp://models.gazebosim.org/drc_practice_hand_wheel_valve_wall[0m[1;31m]
[0m[1;33m[Wrn] [ModelDatabase.cc:213] [0m[1;33mUnable to connect to model database using [[0m[1;33mhttp://models.gazebosim.org/number3/model.config[0m[1;33m]. Only locally installed models will be available.
[0m[1;31m[Err] [ModelDatabase.cc:395] [0m[1;31mUnable to get model name[[0m[1;31mhttp://models.gazebosim.org/number3[0m[1;31m]
[0m[1;33m[Wrn] [ModelDatabase.cc:213] [0m[1;33mUnable to connect to model database using [[0m[1;33mhttp://models.gazebosim.org/robocup_spl_ball/model.config[0m[1;33m]. Only locally installed models will be available.
[0m[1;31m[Err] [ModelDatabase.cc:395] [0m[1;31mUnable to get model name[[0m[1;31mhttp://models.gazebosim.org/robocup_spl_ball[0m[1;31m]
[0m[1;33m[Wrn] [ModelDatabase.cc:213] [0m[1;33mUnable to connect to model database using [[0m[1;33mhttp://models.gazebosim.org/iss/model.config[0m[1;33m]. Only locally installed models will be available.
[0m[1;31m[Err] [ModelDatabase.cc:395] [0m[1;31mUnable to get model name[[0m[1;31mhttp://models.gazebosim.org/iss[0m[1;31m]
[0m[1;33m[Wrn] [ModelDatabase.cc:213] [0m[1;33mUnable to connect to model database using [[0m[1;33mhttp://models.gazebosim.org/first_2015_trash_can/model.config[0m[1;33m]. Only locally installed models will be available.
[0m[1;31m[Err] [ModelDatabase.cc:395] [0m[1;31mUnable to get model name[[0m[1;31mhttp://models.gazebosim.org/first_2015_trash_can[0m[1;31m]
[0m[1;33m[Wrn] [ModelDatabase.cc:213] [0m[1;33mUnable to connect to model database using [[0m[1;33mhttp://models.gazebosim.org/wooden_case_metal_peg/model.config[0m[1;33m]. Only locally installed models will be available.
[0m[1;31m[Err] [ModelDatabase.cc:395] [0m[1;31mUnable to get model name[[0m[1;31mhttp://models.gazebosim.org/wooden_case_metal_peg[0m[1;31m]
[0m[1;33m[Wrn] [ModelDatabase.cc:213] [0m[1;33mUnable to connect to model database using [[0m[1;33mhttp://models.gazebosim.org/fire_station/model.config[0m[1;33m]. Only locally installed models will be available.
[0m[1;31m[Err] [ModelDatabase.cc:395] [0m[1;31mUnable to get model name[[0m[1;31mhttp://models.gazebosim.org/fire_station[0m[1;31m]
[0m[1;33m[Wrn] [ModelDatabase.cc:213] [0m[1;33mUnable to connect to model database using [[0m[1;33mhttp://models.gazebosim.org/person_walking/model.config[0m[1;33m]. Only locally installed models will be available.
[0m[1;31m[Err] [ModelDatabase.cc:395] [0m[1;31mUnable to get model name[[0m[1;31mhttp://models.gazebosim.org/person_walking[0m[1;31m]
[0m[1;33m[Wrn] [ModelDatabase.cc:213] [0m[1;33mUnable to connect to model database using [[0m[1;33mhttp://models.gazebosim.org/camera/model.config[0m[1;33m]. Only locally installed models will be available.
[0m[1;31m[Err] [ModelDatabase.cc:395] [0m[1;31mUnable to get model name[[0m[1;31mhttp://models.gazebosim.org/camera[0m[1;31m]
[0m[1;33m[Wrn] [ModelDatabase.cc:213] [0m[1;33mUnable to connect to model database using [[0m[1;33mhttp://models.gazebosim.org/drc_practice_handle_wheel_valve/model.config[0m[1;33m]. Only locally installed models will be available.
[0m[1;31m[Err] [ModelDatabase.cc:395] [0m[1;31mUnable to get model name[[0m[1;31mhttp://models.gazebosim.org/drc_practice_handle_wheel_valve[0m[1;31m]
[0m[1;33m[Wrn] [ModelDatabase.cc:213] [0m[1;33mUnable to connect to model database using [[0m[1;33mhttp://models.gazebosim.org/youbot/model.config[0m[1;33m]. Only locally installed models will be available.
[0m[1;31m[Err] [ModelDatabase.cc:395] [0m[1;31mUnable to get model name[[0m[1;31mhttp://models.gazebosim.org/youbot[0m[1;31m]
[0m[1;33m[Wrn] [ModelDatabase.cc:213] [0m[1;33mUnable to connect to model database using [[0m[1;33mhttp://models.gazebosim.org/drc_practice_wheel_valve_wall/model.config[0m[1;33m]. Only locally installed models will be available.
[0m[1;31m[Err] [ModelDatabase.cc:395] [0m[1;31mUnable to get model name[[0m[1;31mhttp://models.gazebosim.org/drc_practice_wheel_valve_wall[0m[1;31m]
[0m[1;33m[Wrn] [ModelDatabase.cc:213] [0m[1;33mUnable to connect to model database using [[0m[1;33mhttp://models.gazebosim.org/control_console/model.config[0m[1;33m]. Only locally installed models will be available.
[0m[1;31m[Err] [ModelDatabase.cc:395] [0m[1;31mUnable to get model name[[0m[1;31mhttp://models.gazebosim.org/control_console[0m[1;31m]
[0m[1;33m[Wrn] [ModelDatabase.cc:213] [0m[1;33mUnable to connect to model database using [[0m[1;33mhttp://models.gazebosim.org/osrf_first_office/model.config[0m[1;33m]. Only locally installed models will be available.
[0m[1;31m[Err] [ModelDatabase.cc:395] [0m[1;31mUnable to get model name[[0m[1;31mhttp://models.gazebosim.org/osrf_first_office[0m[1;31m]
[0m[1;33m[Wrn] [ModelDatabase.cc:213] [0m[1;33mUnable to connect to model database using [[0m[1;33mhttp://models.gazebosim.org/drc_practice_weighted_door/model.config[0m[1;33m]. Only locally installed models will be available.
[0m[1;31m[Err] [ModelDatabase.cc:395] [0m[1;31mUnable to get model name[[0m[1;31mhttp://models.gazebosim.org/drc_practice_weighted_door[0m[1;31m]
[0m[1;33m[Wrn] [ModelDatabase.cc:213] [0m[1;33mUnable to connect to model database using [[0m[1;33mhttp://models.gazebosim.org/door_handle/model.config[0m[1;33m]. Only locally installed models will be available.
[0m[1;31m[Err] [ModelDatabase.cc:395] [0m[1;31mUnable to get model name[[0m[1;31mhttp://models.gazebosim.org/door_handle[0m[1;31m]
[0m[1;33m[Wrn] [ModelDatabase.cc:213] [0m[1;33mUnable to connect to model database using [[0m[1;33mhttp://models.gazebosim.org/playground/model.config[0m[1;33m]. Only locally installed models will be available.
[0m[1;31m[Err] [ModelDatabase.cc:395] [0m[1;31mUnable to get model name[[0m[1;31mhttp://models.gazebosim.org/playground[0m[1;31m]
[0m[1;33m[Wrn] [ModelDatabase.cc:213] [0m[1;33mUnable to connect to model database using [[0m[1;33mhttp://models.gazebosim.org/plastic_cup/model.config[0m[1;33m]. Only locally installed models will be available.
[0m[1;31m[Err] [ModelDatabase.cc:395] [0m[1;31mUnable to get model name[[0m[1;31mhttp://models.gazebosim.org/plastic_cup[0m[1;31m]
[0m[1;33m[Wrn] [ModelDatabase.cc:213] [0m[1;33mUnable to connect to model database using [[0m[1;33mhttp://models.gazebosim.org/car_wheel/model.config[0m[1;33m]. Only locally installed models will be available.
[0m[1;31m[Err] [ModelDatabase.cc:395] [0m[1;31mUnable to get model name[[0m[1;31mhttp://models.gazebosim.org/car_wheel[0m[1;31m]
[0m[1;33m[Wrn] [ModelDatabase.cc:213] [0m[1;33mUnable to connect to model database using [[0m[1;33mhttp://models.gazebosim.org/number7/model.config[0m[1;33m]. Only locally installed models will be available.
[0m[1;31m[Err] [ModelDatabase.cc:395] [0m[1;31mUnable to get model name[[0m[1;31mhttp://models.gazebosim.org/number7[0m[1;31m]
[0m[1;33m[Wrn] [ModelDatabase.cc:213] [0m[1;33mUnable to connect to model database using [[0m[1;33mhttp://models.gazebosim.org/house_1/model.config[0m[1;33m]. Only locally installed models will be available.
[0m[1;31m[Err] [ModelDatabase.cc:395] [0m[1;31mUnable to get model name[[0m[1;31mhttp://models.gazebosim.org/house_1[0m[1;31m]
[0m[1;33m[Wrn] [ModelDatabase.cc:213] [0m[1;33mUnable to connect to model database using [[0m[1;33mhttp://models.gazebosim.org/ambulance/model.config[0m[1;33m]. Only locally installed models will be available.
[0m[1;31m[Err] [ModelDatabase.cc:395] [0m[1;31mUnable to get model name[[0m[1;31mhttp://models.gazebosim.org/ambulance[0m[1;31m]
[0m[1;33m[Wrn] [ModelDatabase.cc:213] [0m[1;33mUnable to connect to model database using [[0m[1;33mhttp://models.gazebosim.org/number9/model.config[0m[1;33m]. Only locally installed models will be available.
[0m[1;31m[Err] [ModelDatabase.cc:395] [0m[1;31mUnable to get model name[[0m[1;31mhttp://models.gazebosim.org/number9[0m[1;31m]
[0m[1;33m[Wrn] [ModelDatabase.cc:213] [0m[1;33mUnable to connect to model database using [[0m[1;33mhttp://models.gazebosim.org/ground_plane/model.config[0m[1;33m]. Only locally installed models will be available.
[0m[1;31m[Err] [ModelDatabase.cc:395] [0m[1;31mUnable to get model name[[0m[1;31mhttp://models.gazebosim.org/ground_plane[0m[1;31m]
[0m[1;33m[Wrn] [ModelDatabase.cc:213] [0m[1;33mUnable to connect to model database using [[0m[1;33mhttp://models.gazebosim.org/coke_can/model.config[0m[1;33m]. Only locally installed models will be available.
[0m[1;31m[Err] [ModelDatabase.cc:395] [0m[1;31mUnable to get model name[[0m[1;31mhttp://models.gazebosim.org/coke_can[0m[1;31m]
[0m[1;33m[Wrn] [ModelDatabase.cc:213] [0m[1;33mUnable to connect to model database using [[0m[1;33mhttp://models.gazebosim.org/drc_practice_block_wall/model.config[0m[1;33m]. Only locally installed models will be available.
[0m[1;31m[Err] [ModelDatabase.cc:395] [0m[1;31mUnable to get model name[[0m[1;31mhttp://models.gazebosim.org/drc_practice_block_wall[0m[1;31m]
[0m[1;33m[Wrn] [ModelDatabase.cc:213] [0m[1;33mUnable to connect to model database using [[0m[1;33mhttp://models.gazebosim.org/house_3/model.config[0m[1;33m]. Only locally installed models will be available.
[0m[1;31m[Err] [ModelDatabase.cc:395] [0m[1;31mUnable to get model name[[0m[1;31mhttp://models.gazebosim.org/house_3[0m[1;31m]
[0m[1;33m[Wrn] [ModelDatabase.cc:213] [0m[1;33mUnable to connect to model database using [[0m[1;33mhttp://models.gazebosim.org/frc2016_rockwall/model.config[0m[1;33m]. Only locally installed models will be available.
[0m[1;31m[Err] [ModelDatabase.cc:395] [0m[1;31mUnable to get model name[[0m[1;31mhttp://models.gazebosim.org/frc2016_rockwall[0m[1;31m]
[0m[1;33m[Wrn] [ModelDatabase.cc:213] [0m[1;33mUnable to connect to model database using [[0m[1;33mhttp://models.gazebosim.org/frc2016_roughterrain/model.config[0m[1;33m]. Only locally installed models will be available.
[0m[1;31m[Err] [ModelDatabase.cc:395] [0m[1;31mUnable to get model name[[0m[1;31mhttp://models.gazebosim.org/frc2016_roughterrain[0m[1;31m]
[0m[1;33m[Wrn] [ModelDatabase.cc:213] [0m[1;33mUnable to connect to model database using [[0m[1;33mhttp://models.gazebosim.org/truss_bridge/model.config[0m[1;33m]. Only locally installed models will be available.
[0m[1;31m[Err] [ModelDatabase.cc:395] [0m[1;31mUnable to get model name[[0m[1;31mhttp://models.gazebosim.org/truss_bridge[0m[1;31m]
[0m[1;33m[Wrn] [ModelDatabase.cc:213] [0m[1;33mUnable to connect to model database using [[0m[1;33mhttp://models.gazebosim.org/willowgarage/model.config[0m[1;33m]. Only locally installed models will be available.
[0m[1;31m[Err] [ModelDatabase.cc:395] [0m[1;31mUnable to get model name[[0m[1;31mhttp://models.gazebosim.org/willowgarage[0m[1;31m]
[0m[1;33m[Wrn] [ModelDatabase.cc:213] [0m[1;33mUnable to connect to model database using [[0m[1;33mhttp://models.gazebosim.org/frc2016_field/model.config[0m[1;33m]. Only locally installed models will be available.
[0m[1;31m[Err] [ModelDatabase.cc:395] [0m[1;31mUnable to get model name[[0m[1;31mhttp://models.gazebosim.org/frc2016_field[0m[1;31m]
[0m[1;33m[Wrn] [ModelDatabase.cc:213] [0m[1;33mUnable to connect to model database using [[0m[1;33mhttp://models.gazebosim.org/cart_front_steer/model.config[0m[1;33m]. Only locally installed models will be available.
[0m[1;31m[Err] [ModelDatabase.cc:395] [0m[1;31mUnable to get model name[[0m[1;31mhttp://models.gazebosim.org/cart_front_steer[0m[1;31m]
[0m[1;33m[Wrn] [ModelDatabase.cc:213] [0m[1;33mUnable to connect to model database using [[0m[1;33mhttp://models.gazebosim.org/cricket_ball/model.config[0m[1;33m]. Only locally installed models will be available.
[0m[1;31m[Err] [ModelDatabase.cc:395] [0m[1;31mUnable to get model name[[0m[1;31mhttp://models.gazebosim.org/cricket_ball[0m[1;31m]
[0m[1;33m[Wrn] [ModelDatabase.cc:213] [0m[1;33mUnable to connect to model database using [[0m[1;33mhttp://models.gazebosim.org/drc_practice_angled_barrier_135/model.config[0m[1;33m]. Only locally installed models will be available.
[0m[1;31m[Err] [ModelDatabase.cc:395] [0m[1;31mUnable to get model name[[0m[1;31mhttp://models.gazebosim.org/drc_practice_angled_barrier_135[0m[1;31m]
[0m[1;33m[Wrn] [ModelDatabase.cc:213] [0m[1;33mUnable to connect to model database using [[0m[1;33mhttp://models.gazebosim.org/robonaut/model.config[0m[1;33m]. Only locally installed models will be available.
[0m[1;31m[Err] [ModelDatabase.cc:395] [0m[1;31mUnable to get model name[[0m[1;31mhttp://models.gazebosim.org/robonaut[0m[1;31m]
[0m[1;33m[Wrn] [ModelDatabase.cc:213] [0m[1;33mUnable to connect to model database using [[0m[1;33mhttp://models.gazebosim.org/bus/model.config[0m[1;33m]. Only locally installed models will be available.
[0m[1;31m[Err] [ModelDatabase.cc:395] [0m[1;31mUnable to get model name[[0m[1;31mhttp://models.gazebosim.org/bus[0m[1;31m]
[0m[1;33m[Wrn] [ModelDatabase.cc:213] [0m[1;33mUnable to connect to model database using [[0m[1;33mhttp://models.gazebosim.org/drc_practice_door_4x8/model.config[0m[1;33m]. Only locally installed models will be available.
[0m[1;31m[Err] [ModelDatabase.cc:395] [0m[1;31mUnable to get model name[[0m[1;31mhttp://models.gazebosim.org/drc_practice_door_4x8[0m[1;31m]
[0m[1;33m[Wrn] [ModelDatabase.cc:213] [0m[1;33mUnable to connect to model database using [[0m[1;33mhttp://models.gazebosim.org/frc2016_portcullis/model.config[0m[1;33m]. Only locally installed models will be available.
[0m[1;31m[Err] [ModelDatabase.cc:395] [0m[1;31mUnable to get model name[[0m[1;31mhttp://models.gazebosim.org/frc2016_portcullis[0m[1;31m]
[0m[1;33m[Wrn] [ModelDatabase.cc:213] [0m[1;33mUnable to connect to model database using [[0m[1;33mhttp://models.gazebosim.org/ball_bearing/model.config[0m[1;33m]. Only locally installed models will be available.
[0m[1;31m[Err] [ModelDatabase.cc:395] [0m[1;31mUnable to get model name[[0m[1;31mhttp://models.gazebosim.org/ball_bearing[0m[1;31m]
[0m[1;33m[Wrn] [ModelDatabase.cc:213] [0m[1;33mUnable to connect to model database using [[0m[1;33mhttp://models.gazebosim.org/wood_cube_7_5cm/model.config[0m[1;33m]. Only locally installed models will be available.
[0m[1;31m[Err] [ModelDatabase.cc:395] [0m[1;31mUnable to get model name[[0m[1;31mhttp://models.gazebosim.org/wood_cube_7_5cm[0m[1;31m]
[0m[1;33m[Wrn] [ModelDatabase.cc:213] [0m[1;33mUnable to connect to model database using [[0m[1;33mhttp://models.gazebosim.org/spectrum_plane/model.config[0m[1;33m]. Only locally installed models will be available.
[0m[1;31m[Err] [ModelDatabase.cc:395] [0m[1;31mUnable to get model name[[0m[1;31mhttp://models.gazebosim.org/spectrum_plane[0m[1;31m]
[0m[1;33m[Wrn] [ModelDatabase.cc:213] [0m[1;33mUnable to connect to model database using [[0m[1;33mhttp://models.gazebosim.org/ragdoll/model.config[0m[1;33m]. Only locally installed models will be available.
[0m[1;31m[Err] [ModelDatabase.cc:395] [0m[1;31mUnable to get model name[[0m[1;31mhttp://models.gazebosim.org/ragdoll[0m[1;31m]
[0m[1;33m[Wrn] [ModelDatabase.cc:213] [0m[1;33mUnable to connect to model database using [[0m[1;33mhttp://models.gazebosim.org/velodyne_hdl32/model.config[0m[1;33m]. Only locally installed models will be available.
[0m[1;31m[Err] [ModelDatabase.cc:395] [0m[1;31mUnable to get model name[[0m[1;31mhttp://models.gazebosim.org/velodyne_hdl32[0m[1;31m]
[0m[1;33m[Wrn] [ModelDatabase.cc:213] [0m[1;33mUnable to connect to model database using [[0m[1;33mhttp://models.gazebosim.org/polaris_ranger_xp900/model.config[0m[1;33m]. Only locally installed models will be available.
[0m[1;31m[Err] [ModelDatabase.cc:395] [0m[1;31mUnable to get model name[[0m[1;31mhttp://models.gazebosim.org/polaris_ranger_xp900[0m[1;31m]
[0m[1;33m[Wrn] [ModelDatabase.cc:213] [0m[1;33mUnable to connect to model database using [[0m[1;33mhttp://models.gazebosim.org/fire_hose_long/model.config[0m[1;33m]. Only locally installed models will be available.
[0m[1;31m[Err] [ModelDatabase.cc:395] [0m[1;31mUnable to get model name[[0m[1;31mhttp://models.gazebosim.org/fire_hose_long[0m[1;31m]
[0m[1;33m[Wrn] [ModelDatabase.cc:213] [0m[1;33mUnable to connect to model database using [[0m[1;33mhttp://models.gazebosim.org/jersey_barrier/model.config[0m[1;33m]. Only locally installed models will be available.
[0m[1;31m[Err] [ModelDatabase.cc:395] [0m[1;31mUnable to get model name[[0m[1;31mhttp://models.gazebosim.org/jersey_barrier[0m[1;31m]
[0m[1;33m[Wrn] [ModelDatabase.cc:213] [0m[1;33mUnable to connect to model database using [[0m[1;33mhttp://models.gazebosim.org/wooden_case_wooden_peg/model.config[0m[1;33m]. Only locally installed models will be available.
[0m[1;31m[Err] [ModelDatabase.cc:395] [0m[1;31mUnable to get model name[[0m[1;31mhttp://models.gazebosim.org/wooden_case_wooden_peg[0m[1;31m]
[0m[1;33m[Wrn] [ModelDatabase.cc:213] [0m[1;33mUnable to connect to model database using [[0m[1;33mhttp://models.gazebosim.org/kitchen_dining/model.config[0m[1;33m]. Only locally installed models will be available.
[0m[1;31m[Err] [ModelDatabase.cc:395] [0m[1;31mUnable to get model name[[0m[1;31mhttp://models.gazebosim.org/kitchen_dining[0m[1;31m]
[0m[1;33m[Wrn] [ModelDatabase.cc:213] [0m[1;33mUnable to connect to model database using [[0m[1;33mhttp://models.gazebosim.org/parking_garage/model.config[0m[1;33m]. Only locally installed models will be available.
[0m[1;31m[Err] [ModelDatabase.cc:395] [0m[1;31mUnable to get model name[[0m[1;31mhttp://models.gazebosim.org/parking_garage[0m[1;31m]
[0m[1;33m[Wrn] [ModelDatabase.cc:213] [0m[1;33mUnable to connect to model database using [[0m[1;33mhttp://models.gazebosim.org/cafe/model.config[0m[1;33m]. Only locally installed models will be available.
[0m[1;31m[Err] [ModelDatabase.cc:395] [0m[1;31mUnable to get model name[[0m[1;31mhttp://models.gazebosim.org/cafe[0m[1;31m]
[0m[1;33m[Wrn] [ModelDatabase.cc:213] [0m[1;33mUnable to connect to model database using [[0m[1;33mhttp://models.gazebosim.org/stop_light_post/model.config[0m[1;33m]. Only locally installed models will be available.
[0m[1;31m[Err] [ModelDatabase.cc:395] [0m[1;31mUnable to get model name[[0m[1;31mhttp://models.gazebosim.org/stop_light_post[0m[1;31m]
[0m[1;33m[Wrn] [ModelDatabase.cc:213] [0m[1;33mUnable to connect to model database using [[0m[1;33mhttp://models.gazebosim.org/drc_practice_wheel_valve/model.config[0m[1;33m]. Only locally installed models will be available.
[0m[1;31m[Err] [ModelDatabase.cc:395] [0m[1;31mUnable to get model name[[0m[1;31mhttp://models.gazebosim.org/drc_practice_wheel_valve[0m[1;31m]
[0m[1;33m[Wrn] [ModelDatabase.cc:213] [0m[1;33mUnable to connect to model database using [[0m[1;33mhttp://models.gazebosim.org/robocup09_spl_field/model.config[0m[1;33m]. Only locally installed models will be available.
[0m[1;31m[Err] [ModelDatabase.cc:395] [0m[1;31mUnable to get model name[[0m[1;31mhttp://models.gazebosim.org/robocup09_spl_field[0m[1;31m]
[0m[1;33m[Wrn] [ModelDatabase.cc:213] [0m[1;33mUnable to connect to model database using [[0m[1;33mhttp://models.gazebosim.org/gear_part/model.config[0m[1;33m]. Only locally installed models will be available.
[0m[1;31m[Err] [ModelDatabase.cc:395] [0m[1;31mUnable to get model name[[0m[1;31mhttp://models.gazebosim.org/gear_part[0m[1;31m]
[0m[1;33m[Wrn] [ModelDatabase.cc:213] [0m[1;33mUnable to connect to model database using [[0m[1;33mhttp://models.gazebosim.org/mcmillan_airfield/model.config[0m[1;33m]. Only locally installed models will be available.
[0m[1;31m[Err] [ModelDatabase.cc:395] [0m[1;31mUnable to get model name[[0m[1;31mhttp://models.gazebosim.org/mcmillan_airfield[0m[1;31m]
[0m[1;33m[Wrn] [ModelDatabase.cc:213] [0m[1;33mUnable to connect to model database using [[0m[1;33mhttp://models.gazebosim.org/src_doorway/model.config[0m[1;33m]. Only locally installed models will be available.
[0m[1;31m[Err] [ModelDatabase.cc:395] [0m[1;31mUnable to get model name[[0m[1;31mhttp://models.gazebosim.org/src_doorway[0m[1;31m]
[0m[1;33m[Wrn] [ModelDatabase.cc:213] [0m[1;33mUnable to connect to model database using [[0m[1;33mhttp://models.gazebosim.org/tube_9_5mm/model.config[0m[1;33m]. Only locally installed models will be available.
[0m[1;31m[Err] [ModelDatabase.cc:395] [0m[1;31mUnable to get model name[[0m[1;31mhttp://models.gazebosim.org/tube_9_5mm[0m[1;31m]
[0m[1;33m[Wrn] [ModelDatabase.cc:213] [0m[1;33mUnable to connect to model database using [[0m[1;33mhttp://models.gazebosim.org/grey_wall/model.config[0m[1;33m]. Only locally installed models will be available.
[0m[1;31m[Err] [ModelDatabase.cc:395] [0m[1;31mUnable to get model name[[0m[1;31mhttp://models.gazebosim.org/grey_wall[0m[1;31m]
[0m[1;33m[Wrn] [ModelDatabase.cc:213] [0m[1;33mUnable to connect to model database using [[0m[1;33mhttp://models.gazebosim.org/mpl_right_forearm/model.config[0m[1;33m]. Only locally installed models will be available.
[0m[1;31m[Err] [ModelDatabase.cc:395] [0m[1;31mUnable to get model name[[0m[1;31mhttp://models.gazebosim.org/mpl_right_forearm[0m[1;31m]
[0m[1;33m[Wrn] [ModelDatabase.cc:213] [0m[1;33mUnable to connect to model database using [[0m[1;33mhttp://models.gazebosim.org/walkway_metal_straight/model.config[0m[1;33m]. Only locally installed models will be available.
[0m[1;31m[Err] [ModelDatabase.cc:395] [0m[1;31mUnable to get model name[[0m[1;31mhttp://models.gazebosim.org/walkway_metal_straight[0m[1;31m]
[0m[1;33m[Wrn] [ModelDatabase.cc:213] [0m[1;33mUnable to connect to model database using [[0m[1;33mhttp://models.gazebosim.org/r2_description/model.config[0m[1;33m]. Only locally installed models will be available.
[0m[1;31m[Err] [ModelDatabase.cc:395] [0m[1;31mUnable to get model name[[0m[1;31mhttp://models.gazebosim.org/r2_description[0m[1;31m]
[0m[1;33m[Wrn] [ModelDatabase.cc:213] [0m[1;33mUnable to connect to model database using [[0m[1;33mhttp://models.gazebosim.org/dumpster/model.config[0m[1;33m]. Only locally installed models will be available.
[0m[1;31m[Err] [ModelDatabase.cc:395] [0m[1;31mUnable to get model name[[0m[1;31mhttp://models.gazebosim.org/dumpster[0m[1;31m]
[0m[1;33m[Wrn] [ModelDatabase.cc:213] [0m[1;33mUnable to connect to model database using [[0m[1;33mhttp://models.gazebosim.org/polaris_ranger_ev/model.config[0m[1;33m]. Only locally installed models will be available.
[0m[1;31m[Err] [ModelDatabase.cc:395] [0m[1;31mUnable to get model name[[0m[1;31mhttp://models.gazebosim.org/polaris_ranger_ev[0m[1;31m]
[0m[1;33m[Wrn] [ModelDatabase.cc:213] [0m[1;33mUnable to connect to model database using [[0m[1;33mhttp://models.gazebosim.org/number2/model.config[0m[1;33m]. Only locally installed models will be available.
[0m[1;31m[Err] [ModelDatabase.cc:395] [0m[1;31mUnable to get model name[[0m[1;31mhttp://models.gazebosim.org/number2[0m[1;31m]
[0m[1;33m[Wrn] [ModelDatabase.cc:213] [0m[1;33mUnable to connect to model database using [[0m[1;33mhttp://models.gazebosim.org/post_office/model.config[0m[1;33m]. Only locally installed models will be available.
[0m[1;31m[Err] [ModelDatabase.cc:395] [0m[1;31mUnable to get model name[[0m[1;31mhttp://models.gazebosim.org/post_office[0m[1;31m]
[0m[1;33m[Wrn] [ModelDatabase.cc:213] [0m[1;33mUnable to connect to model database using [[0m[1;33mhttp://models.gazebosim.org/frc2016_sallyport/model.config[0m[1;33m]. Only locally installed models will be available.
[0m[1;31m[Err] [ModelDatabase.cc:395] [0m[1;31mUnable to get model name[[0m[1;31mhttp://models.gazebosim.org/frc2016_sallyport[0m[1;31m]
[0m[1;33m[Wrn] [ModelDatabase.cc:213] [0m[1;33mUnable to connect to model database using [[0m[1;33mhttp://models.gazebosim.org/thrift_shop/model.config[0m[1;33m]. Only locally installed models will be available.
[0m[1;31m[Err] [ModelDatabase.cc:395] [0m[1;31mUnable to get model name[[0m[1;31mhttp://models.gazebosim.org/thrift_shop[0m[1;31m]
[0m[1;33m[Wrn] [ModelDatabase.cc:213] [0m[1;33mUnable to connect to model database using [[0m[1;33mhttp://models.gazebosim.org/drc_practice_wheel_valve_large_wall/model.config[0m[1;33m]. Only locally installed models will be available.
[0m[1;31m[Err] [ModelDatabase.cc:395] [0m[1;31mUnable to get model name[[0m[1;31mhttp://models.gazebosim.org/drc_practice_wheel_valve_large_wall[0m[1;31m]
[0m[1;33m[Wrn] [ModelDatabase.cc:213] [0m[1;33mUnable to connect to model database using [[0m[1;33mhttp://models.gazebosim.org/powerplant/model.config[0m[1;33m]. Only locally installed models will be available.
[0m[1;31m[Err] [ModelDatabase.cc:395] [0m[1;31mUnable to get model name[[0m[1;31mhttp://models.gazebosim.org/powerplant[0m[1;31m]
[0m[1;33m[Wrn] [ModelDatabase.cc:213] [0m[1;33mUnable to connect to model database using [[0m[1;33mhttp://models.gazebosim.org/robocup_3Dsim_ball/model.config[0m[1;33m]. Only locally installed models will be available.
[0m[1;31m[Err] [ModelDatabase.cc:395] [0m[1;31mUnable to get model name[[0m[1;31mhttp://models.gazebosim.org/robocup_3Dsim_ball[0m[1;31m]
[0m[1;33m[Wrn] [ModelDatabase.cc:213] [0m[1;33mUnable to connect to model database using [[0m[1;33mhttp://models.gazebosim.org/frc2016_chevaldefrise/model.config[0m[1;33m]. Only locally installed models will be available.
[0m[1;31m[Err] [ModelDatabase.cc:395] [0m[1;31mUnable to get model name[[0m[1;31mhttp://models.gazebosim.org/frc2016_chevaldefrise[0m[1;31m]
[0m[1;33m[Wrn] [ModelDatabase.cc:213] [0m[1;33mUnable to connect to model database using [[0m[1;33mhttp://models.gazebosim.org/cube_20k/model.config[0m[1;33m]. Only locally installed models will be available.
[0m[1;31m[Err] [ModelDatabase.cc:395] [0m[1;31mUnable to get model name[[0m[1;31mhttp://models.gazebosim.org/cube_20k[0m[1;31m]
[0m[1;33m[Wrn] [ModelDatabase.cc:213] [0m[1;33mUnable to connect to model database using [[0m[1;33mhttp://models.gazebosim.org/grey_tote/model.config[0m[1;33m]. Only locally installed models will be available.
[0m[1;31m[Err] [ModelDatabase.cc:395] [0m[1;31mUnable to get model name[[0m[1;31mhttp://models.gazebosim.org/grey_tote[0m[1;31m]
[0m[1;33m[Wrn] [ModelDatabase.cc:213] [0m[1;33mUnable to connect to model database using [[0m[1;33mhttp://models.gazebosim.org/round_tin_base/model.config[0m[1;33m]. Only locally installed models will be available.
[0m[1;31m[Err] [ModelDatabase.cc:395] [0m[1;31mUnable to get model name[[0m[1;31mhttp://models.gazebosim.org/round_tin_base[0m[1;31m]
[0m[1;33m[Wrn] [ModelDatabase.cc:213] [0m[1;33mUnable to connect to model database using [[0m[1;33mhttp://models.gazebosim.org/drc_practice_4x4x20/model.config[0m[1;33m]. Only locally installed models will be available.
[0m[1;31m[Err] [ModelDatabase.cc:395] [0m[1;31mUnable to get model name[[0m[1;31mhttp://models.gazebosim.org/drc_practice_4x4x20[0m[1;31m]
[0m[1;33m[Wrn] [ModelDatabase.cc:213] [0m[1;33mUnable to connect to model database using [[0m[1;33mhttp://models.gazebosim.org/disk_part/model.config[0m[1;33m]. Only locally installed models will be available.
[0m[1;31m[Err] [ModelDatabase.cc:395] [0m[1;31mUnable to get model name[[0m[1;31mhttp://models.gazebosim.org/disk_part[0m[1;31m]
[0m[1;33m[Wrn] [ModelDatabase.cc:213] [0m[1;33mUnable to connect to model database using [[0m[1;33mhttp://models.gazebosim.org/sonoma_raceway/model.config[0m[1;33m]. Only locally installed models will be available.
[0m[1;31m[Err] [ModelDatabase.cc:395] [0m[1;31mUnable to get model name[[0m[1;31mhttp://models.gazebosim.org/sonoma_raceway[0m[1;31m]
[0m[1;33m[Wrn] [ModelDatabase.cc:213] [0m[1;33mUnable to connect to model database using [[0m[1;33mhttp://models.gazebosim.org/trisphere_cycle/model.config[0m[1;33m]. Only locally installed models will be available.
[0m[1;31m[Err] [ModelDatabase.cc:395] [0m[1;31mUnable to get model name[[0m[1;31mhttp://models.gazebosim.org/trisphere_cycle[0m[1;31m]
[0m[1;33m[Wrn] [ModelDatabase.cc:213] [0m[1;33mUnable to connect to model database using [[0m[1;33mhttp://models.gazebosim.org/depth_camera/model.config[0m[1;33m]. Only locally installed models will be available.
[0m[1;31m[Err] [ModelDatabase.cc:395] [0m[1;31mUnable to get model name[[0m[1;31mhttp://models.gazebosim.org/depth_camera[0m[1;31m]
[0m[1;33m[Wrn] [ModelDatabase.cc:213] [0m[1;33mUnable to connect to model database using [[0m[1;33mhttp://models.gazebosim.org/suv/model.config[0m[1;33m]. Only locally installed models will be available.
[0m[1;31m[Err] [ModelDatabase.cc:395] [0m[1;31mUnable to get model name[[0m[1;31mhttp://models.gazebosim.org/suv[0m[1;31m]
[0m[1;33m[Wrn] [ModelDatabase.cc:213] [0m[1;33mUnable to connect to model database using [[0m[1;33mhttp://models.gazebosim.org/drc_practice_2x6/model.config[0m[1;33m]. Only locally installed models will be available.
[0m[1;31m[Err] [ModelDatabase.cc:395] [0m[1;31mUnable to get model name[[0m[1;31mhttp://models.gazebosim.org/drc_practice_2x6[0m[1;31m]
[0m[1;33m[Wrn] [ModelDatabase.cc:213] [0m[1;33mUnable to connect to model database using [[0m[1;33mhttp://models.gazebosim.org/hatchback_red/model.config[0m[1;33m]. Only locally installed models will be available.
[0m[1;31m[Err] [ModelDatabase.cc:395] [0m[1;31mUnable to get model name[[0m[1;31mhttp://models.gazebosim.org/hatchback_red[0m[1;31m]
[0m[1;33m[Wrn] [ModelDatabase.cc:213] [0m[1;33mUnable to connect to model database using [[0m[1;33mhttp://models.gazebosim.org/speed_limit_sign/model.config[0m[1;33m]. Only locally installed models will be available.
[0m[1;31m[Err] [ModelDatabase.cc:395] [0m[1;31mUnable to get model name[[0m[1;31mhttp://models.gazebosim.org/speed_limit_sign[0m[1;31m]
[0m
libcurl: (7) Failed to connect to fuel.gazebosim.org port 443: 没有到主机的路由
=165.002 v=0.00234335 RB pos=168.2 v=0.00255171[0m
[0m[INFO] [1764920227.181849553, 46.046000000]: Joint state: LF pos=163.219 v=0.000474784 RF pos=164.982 v=-0.00952073 LB pos=165.001 v=0.002363 RB pos=168.2 v=0.00266492[0m
[0m[INFO] [1764920228.353594799, 47.046000000]: Joint state: LF pos=163.219 v=0.000491561 RF pos=164.981 v=-0.00928672 LB pos=165.001 v=0.00233341 RB pos=168.2 v=0.00275492[0m
[0m[INFO] [1764920229.477542664, 48.048000000]: Joint state: LF pos=163.219 v=0.000492028 RF pos=164.981 v=-0.00914726 LB pos=165.001 v=0.00243186 RB pos=168.2 v=0.00277536[0m
[0m[INFO] [1764920230.611540748, 49.049000000]: Joint state: LF pos=163.219 v=0.000493624 RF pos=164.981 v=-0.00913101 LB pos=165.001 v=0.00248318 RB pos=168.2 v=0.00277672[0m
[0m[INFO] [1764920231.762527177, 50.049000000]: Joint state: LF pos=163.219 v=0.000495205 RF pos=164.981 v=-0.00914611 LB pos=165.001 v=0.0025247 RB pos=168.2 v=0.00277591[0m
[0m[INFO] [1764920232.897315037, 51.050000000]: Joint state: LF pos=163.219 v=0.000496599 RF pos=164.981 v=-0.00916955 LB pos=165.001 v=0.00256363 RB pos=168.2 v=0.00277523[0m
[0m[INFO] [1764920234.015968464, 52.052000000]: Joint state: LF pos=163.219 v=0.000498712 RF pos=164.981 v=-0.00929555 LB pos=165.001 v=0.00258667 RB pos=168.2 v=0.00277757[0m
[0m[INFO] [1764920235.210384939, 53.053000000]: Joint state: LF pos=163.219 v=0.000501888 RF pos=164.981 v=-0.00934632 LB pos=165.001 v=0.0025962 RB pos=168.2 v=0.002781[0m
[0m[INFO] [1764920236.353920866, 54.054000000]: Joint state: LF pos=163.219 v=0.000501415 RF pos=164.981 v=-0.00937054 LB pos=165.001 v=0.00266924 RB pos=168.2 v=0.00277212[0m
[0m[INFO] [1764920237.465043972, 55.055000000]: Joint state: LF pos=163.219 v=0.000502092 RF pos=164.981 v=-0.00939397 LB pos=165.001 v=0.00271912 RB pos=168.2 v=0.0027681[0m
[0m[INFO] [1764920238.697273844, 56.056000000]: Joint state: LF pos=163.219 v=0.000503264 RF pos=164.981 v=-0.00941966 LB pos=165.001 v=0.0027596 RB pos=168.199 v=0.00276638[0m
[0m[INFO] [1764920239.845164463, 57.057000000]: Joint state: LF pos=163.219 v=0.000504529 RF pos=164.981 v=-0.00944602 LB pos=165.001 v=0.00279821 RB pos=168.199 v=0.00276528[0m
[0m[INFO] [1764920241.001813550, 58.057000000]: Joint state: LF pos=163.219 v=0.000505797 RF pos=164.981 v=-0.00947258 LB pos=165.001 v=0.0028358 RB pos=168.199 v=0.00276435[0m
[0m[INFO] [1764920242.268825394, 59.058000000]: Joint state: LF pos=163.219 v=0.000507051 RF pos=164.981 v=-0.00949903 LB pos=165.001 v=0.0028729 RB pos=168.199 v=0.00276345[0m
[0m[INFO] [1764920243.613812683, 60.060000000]: Joint state: LF pos=163.219 v=0.000508295 RF pos=164.981 v=-0.00952536 LB pos=165.001 v=0.00290981 RB pos=168.199 v=0.00276256[0m
[0m[INFO] [1764920244.595772758, 60.790000000]: GeoLock released[0m
[0m[INFO] [1764920244.595866256, 60.790000000]: Power limit triggered: scaling=0.205 (a=7120.492, b=0.268, c=-300.000)[0m
[0m[INFO] [1764920244.946262714, 61.061000000]: Joint state: LF pos=169.592 v=24.9585 RF pos=171.62 v=25.0174 LB pos=170.577 v=24.9795 RB pos=173.965 v=25.0393[0m
[0m[INFO] [1764920246.232331274, 62.061000000]: Joint state: LF pos=194.528 v=24.9626 RF pos=196.679 v=25.0103 LB pos=195.502 v=24.977 RB pos=199.569 v=25.0387[0m
[0m[INFO] [1764920246.529008982, 62.298000000]: GeoLock activated: wheel_brake=yes, angles=[135.0??, 45.0??, -135.0??, -45.0??][0m
[0m[INFO] [1764920246.529094385, 62.298000000]: Power limit triggered: scaling=0.078 (a=14997.373, b=2499.562, c=-288.002)[0m
[0m[INFO] [1764920247.498481049, 63.063000000]: Joint state: LF pos=215.267 v=24.7766 RF pos=218.122 v=24.8666 LB pos=217.657 v=25.1336 RB pos=221.748 v=24.7183[0m
[0m[INFO] [1764920248.062025867, 63.501000000]: Power limit triggered: scaling=0.918 (a=191.231, b=140.451, c=-290.275)[0m
[0m[INFO] [1764920248.765047223, 64.063000000]: Joint state: LF pos=238.913 v=25.0432 RF pos=243.062 v=25.2298 LB pos=238.398 v=24.999 RB pos=245.467 v=24.9869[0m
[0m[INFO] [1764920249.303857635, 64.495000000]: Power limit triggered: scaling=0.954 (a=150.333, b=158.376, c=-288.104)[0m
[0m[INF